<?xml version="1.0" encoding="utf-8"?>
<TestRun id="76332197-72b3-43b6-b7eb-d4436d81b439" name="tanne@STH_PC 2025-08-10 17:22:05" runUser="STH_PC\tanne" xmlns="http://microsoft.com/schemas/VisualStudio/TeamTest/2010">
  <Times creation="2025-08-10T17:22:05.2898705-04:00" queuing="2025-08-10T17:22:05.2898708-04:00" start="2025-08-10T17:22:04.0250134-04:00" finish="2025-08-10T17:22:33.5090611-04:00" />
  <TestSettings name="default" id="c8a15d83-eb05-4a91-9ed0-a08f65f156fc">
    <Deployment runDeploymentRoot="tanne_STH_PC_2025-08-10_17_22_05" />
  </TestSettings>
  <Results>
    <UnitTestResult executionId="10f0bd71-dabf-4c5f-ac28-8f1b18a29349" testId="53205344-499a-4f3b-4dea-f6f0bda6270a" testName="Project_ShouldLoadSuccessfully" computerName="STH_PC" duration="00:00:00.0007039" startTime="2025-08-10T17:22:05.2698710-04:00" endTime="2025-08-10T17:22:05.2706403-04:00" testType="13cdc9d9-ddb5-4fa4-a97d-d965ccfc6d4b" outcome="Passed" testListId="8c84fa94-04c1-424b-9868-57a2d4851a1d" relativeResultsDirectory="10f0bd71-dabf-4c5f-ac28-8f1b18a29349" />
    <UnitTestResult executionId="da549fa3-737c-4a26-981e-17f8fadc3d3d" testId="c08e87d0-3edd-71db-1302-72af10f3f494" testName="AsyncOperations_ShouldWorkCorrectly" computerName="STH_PC" duration="00:00:00.0568355" startTime="2025-08-10T17:22:19.5714166-04:00" endTime="2025-08-10T17:22:19.6285910-04:00" testType="13cdc9d9-ddb5-4fa4-a97d-d965ccfc6d4b" outcome="Passed" testListId="8c84fa94-04c1-424b-9868-57a2d4851a1d" relativeResultsDirectory="da549fa3-737c-4a26-981e-17f8fadc3d3d" />
    <UnitTestResult executionId="a7b892ff-ca40-4cc2-9396-087e5f92e770" testId="099398f3-d0db-a80f-5376-3483b6d5c6f8" testName="DateTimeOperations_ShouldWorkCorrectly" computerName="STH_PC" duration="00:00:00.0001029" startTime="2025-08-10T17:22:19.6298758-04:00" endTime="2025-08-10T17:22:19.6300222-04:00" testType="13cdc9d9-ddb5-4fa4-a97d-d965ccfc6d4b" outcome="Passed" testListId="8c84fa94-04c1-424b-9868-57a2d4851a1d" relativeResultsDirectory="a7b892ff-ca40-4cc2-9396-087e5f92e770" />
    <UnitTestResult executionId="dbf6d932-5fbe-45da-8cf1-98a996b98240" testId="b27c4aea-318c-f0ee-5f87-4219b8a22186" testName="DotNetRestore_ShouldSucceed" computerName="STH_PC" duration="00:00:01.1502824" startTime="2025-08-10T17:22:07.3498884-04:00" endTime="2025-08-10T17:22:08.5004233-04:00" testType="13cdc9d9-ddb5-4fa4-a97d-d965ccfc6d4b" outcome="Passed" testListId="8c84fa94-04c1-424b-9868-57a2d4851a1d" relativeResultsDirectory="dbf6d932-5fbe-45da-8cf1-98a996b98240" />
    <UnitTestResult executionId="4e460035-3933-408a-affa-f1a8c0434390" testId="1fb09707-b05a-3172-bd76-a21b45a41add" testName="Build_ShouldCompleteWithinReasonableTime" computerName="STH_PC" duration="00:00:05.4644096" startTime="2025-08-10T17:22:05.2883226-04:00" endTime="2025-08-10T17:22:10.7530859-04:00" testType="13cdc9d9-ddb5-4fa4-a97d-d965ccfc6d4b" outcome="Failed" testListId="8c84fa94-04c1-424b-9868-57a2d4851a1d" relativeResultsDirectory="4e460035-3933-408a-affa-f1a8c0434390">
      <Output>
        <ErrorInfo>
          <Message>Assert.AreEqual failed. Expected:&lt;0&gt;. Actual:&lt;1&gt;. Build should succeed. Output: C:\Users\tanne\.nuget\packages\microsoft.maui.resizetizer\8.0.100\buildTransitive\Microsoft.Maui.Resizetizer.After.targets(820,13): error MSB4184: The expression "[System.IO.File]::ReadAllText(obj\Debug\net8.0-windows10.0.19041.0\win10-x64\resizetizer\m\Package.appxmanifest)" cannot be evaluated. Could not find a part of the path 'C:\Users\tanne\Documents\Github\C-Simple\src\CSimple\obj\Debug\net8.0-windows10.0.19041.0\win10-x64\resizetizer\m\Package.appxmanifest'. [C:\Users\tanne\Documents\Github\C-Simple\src\CSimple\CSimple.csproj::TargetFramework=net8.0-windows10.0.19041.0]&#xD;
&#xD;
Build FAILED.&#xD;
&#xD;
C:\Users\tanne\.nuget\packages\microsoft.maui.resizetizer\8.0.100\buildTransitive\Microsoft.Maui.Resizetizer.After.targets(820,13): error MSB4184: The expression "[System.IO.File]::ReadAllText(obj\Debug\net8.0-windows10.0.19041.0\win10-x64\resizetizer\m\Package.appxmanifest)" cannot be evaluated. Could not find a part of the path 'C:\Users\tanne\Documents\Github\C-Simple\src\CSimple\obj\Debug\net8.0-windows10.0.19041.0\win10-x64\resizetizer\m\Package.appxmanifest'. [C:\Users\tanne\Documents\Github\C-Simple\src\CSimple\CSimple.csproj::TargetFramework=net8.0-windows10.0.19041.0]&#xD;
    0 Warning(s)&#xD;
    1 Error(s)&#xD;
&#xD;
Time Elapsed 00:00:05.15&#xD;
&#xD;
Workload updates are available. Run `dotnet workload list` for more information.&#xD;
. Error: </Message>
          <StackTrace>   at CSimple.Tests.BuildTests.SimpleBuildTests.Build_ShouldCompleteWithinReasonableTime() in C:\Users\tanne\Documents\Github\C-Simple\src\CSimple.Tests\SimpleBuildTests.cs:line 267&#xD;
</StackTrace>
        </ErrorInfo>
      </Output>
    </UnitTestResult>
    <UnitTestResult executionId="a8e1f951-99ee-4f37-9e71-3bdfa7534b72" testId="4723da18-88da-e82a-30fe-c96999a5a493" testName="DotNetClean_ShouldCompleteSuccessfully" computerName="STH_PC" duration="00:00:01.4193036" startTime="2025-08-10T17:22:18.1515819-04:00" endTime="2025-08-10T17:22:19.5711747-04:00" testType="13cdc9d9-ddb5-4fa4-a97d-d965ccfc6d4b" outcome="Passed" testListId="8c84fa94-04c1-424b-9868-57a2d4851a1d" relativeResultsDirectory="a8e1f951-99ee-4f37-9e71-3bdfa7534b72" />
    <UnitTestResult executionId="ca6befdc-60de-4bb6-8690-5025b72b6d2b" testId="853fae6e-769e-a249-3711-55d7fa8d8a23" testName="VSCodeTestExplorer_DotNetCliDiagnostics" computerName="STH_PC" duration="00:00:00.1633288" startTime="2025-08-10T17:22:08.9658425-04:00" endTime="2025-08-10T17:22:09.1294472-04:00" testType="13cdc9d9-ddb5-4fa4-a97d-d965ccfc6d4b" outcome="Passed" testListId="8c84fa94-04c1-424b-9868-57a2d4851a1d" relativeResultsDirectory="ca6befdc-60de-4bb6-8690-5025b72b6d2b" />
    <UnitTestResult executionId="c226f7b1-c7bb-421b-9847-576169f9857f" testId="a08c3fdd-38ad-ce7b-6b25-01d04ac47a6e" testName="FilePathOperations_ShouldWorkCorrectly" computerName="STH_PC" duration="00:00:00.0000931" startTime="2025-08-10T17:22:19.6311736-04:00" endTime="2025-08-10T17:22:19.6313052-04:00" testType="13cdc9d9-ddb5-4fa4-a97d-d965ccfc6d4b" outcome="Passed" testListId="8c84fa94-04c1-424b-9868-57a2d4851a1d" relativeResultsDirectory="c226f7b1-c7bb-421b-9847-576169f9857f" />
    <UnitTestResult executionId="34e09611-1b4b-4456-8758-fbf4c04e4ebb" testId="c0eaf9d8-93df-c50f-e1be-5d50795f4a15" testName="BasicMath_ShouldWorkCorrectly" computerName="STH_PC" duration="00:00:00.0003216" startTime="2025-08-10T17:22:19.6288229-04:00" endTime="2025-08-10T17:22:19.6292821-04:00" testType="13cdc9d9-ddb5-4fa4-a97d-d965ccfc6d4b" outcome="Passed" testListId="8c84fa94-04c1-424b-9868-57a2d4851a1d" relativeResultsDirectory="34e09611-1b4b-4456-8758-fbf4c04e4ebb" />
    <UnitTestResult executionId="aad50b54-7145-449f-bdf0-0387a6e14386" testId="274987fa-46d3-c761-4f09-d7171b666e34" testName="DotNetBuild_ShouldCompleteSuccessfully" computerName="STH_PC" duration="00:00:07.9659175" startTime="2025-08-10T17:22:09.1384622-04:00" endTime="2025-08-10T17:22:17.1049317-04:00" testType="13cdc9d9-ddb5-4fa4-a97d-d965ccfc6d4b" outcome="Failed" testListId="8c84fa94-04c1-424b-9868-57a2d4851a1d" relativeResultsDirectory="aad50b54-7145-449f-bdf0-0387a6e14386">
      <Output>
        <ErrorInfo>
          <Message>Assert.AreEqual failed. Expected:&lt;0&gt;. Actual:&lt;1&gt;. dotnet build should exit with code 0. Output:   Determining projects to restore...&#xD;
  All projects are up-to-date for restore.&#xD;
C:\Users\tanne\Documents\Github\C-Simple\src\CSimple\App.xaml.cs(165,24): warning CS1998: This async method lacks 'await' operators and will run synchronously. Consider using the 'await' operator to await non-blocking API calls, or 'await Task.Run(...)' to do CPU-bound work on a background thread. [C:\Users\tanne\Documents\Github\C-Simple\src\CSimple\CSimple.csproj::TargetFramework=net8.0-windows10.0.19041.0]&#xD;
C:\Users\tanne\Documents\Github\C-Simple\src\CSimple\Services\VoiceAssistantService.cs(129,21): warning CS4014: Because this call is not awaited, execution of the current method continues before the call is completed. Consider applying the 'await' operator to the result of the call. [C:\Users\tanne\Documents\Github\C-Simple\src\CSimple\CSimple.csproj::TargetFramework=net8.0-windows10.0.19041.0]&#xD;
C:\Users\tanne\Documents\Github\C-Simple\src\CSimple\Services\ActionReviewService.cs(129,30): warning CS0168: The variable 'ex' is declared but never used [C:\Users\tanne\Documents\Github\C-Simple\src\CSimple\CSimple.csproj::TargetFramework=net8.0-windows10.0.19041.0]&#xD;
C:\Users\tanne\Documents\Github\C-Simple\src\CSimple\ViewModels\ModelManagementViewModel.cs(41,21): warning CS4014: Because this call is not awaited, execution of the current method continues before the call is completed. Consider applying the 'await' operator to the result of the call. [C:\Users\tanne\Documents\Github\C-Simple\src\CSimple\CSimple.csproj::TargetFramework=net8.0-windows10.0.19041.0]&#xD;
C:\Users\tanne\Documents\Github\C-Simple\src\CSimple\ViewModels\ModelManagementViewModel.cs(178,27): warning CS1998: This async method lacks 'await' operators and will run synchronously. Consider using the 'await' operator to await non-blocking API calls, or 'await Task.Run(...)' to do CPU-bound work on a background thread. [C:\Users\tanne\Documents\Github\C-Simple\src\CSimple\CSimple.csproj::TargetFramework=net8.0-windows10.0.19041.0]&#xD;
C:\Users\tanne\Documents\Github\C-Simple\src\CSimple\ViewModels\NodeViewModel.cs(433,34): warning CS0168: The variable 'ex' is declared but never used [C:\Users\tanne\Documents\Github\C-Simple\src\CSimple\CSimple.csproj::TargetFramework=net8.0-windows10.0.19041.0]&#xD;
C:\Users\tanne\Documents\Github\C-Simple\src\CSimple\Pages\ActionPage.xaml.cs(470,39): warning CS1998: This async method lacks 'await' operators and will run synchronously. Consider using the 'await' operator to await non-blocking API calls, or 'await Task.Run(...)' to do CPU-bound work on a background thread. [C:\Users\tanne\Documents\Github\C-Simple\src\CSimple\CSimple.csproj::TargetFramework=net8.0-windows10.0.19041.0]&#xD;
C:\Users\tanne\Documents\Github\C-Simple\src\CSimple\ViewModels\NodeViewModel.cs(664,30): warning CS0168: The variable 'ex' is declared but never used [C:\Users\tanne\Documents\Github\C-Simple\src\CSimple\CSimple.csproj::TargetFramework=net8.0-windows10.0.19041.0]&#xD;
C:\Users\tanne\Documents\Github\C-Simple\src\CSimple\Services\ActionService.cs(293,26): warning CS0219: The variable 'prevLeftButtonDown' is assigned but its value is never used [C:\Users\tanne\Documents\Github\C-Simple\src\CSimple\CSimple.csproj::TargetFramework=net8.0-windows10.0.19041.0]&#xD;
C:\Users\tanne\Documents\Github\C-Simple\src\CSimple\Services\ActionService.cs(295,26): warning CS0219: The variable 'prevMiddleButtonDown' is assigned but its value is never used [C:\Users\tanne\Documents\Github\C-Simple\src\CSimple\CSimple.csproj::TargetFramework=net8.0-windows10.0.19041.0]&#xD;
C:\Users\tanne\Documents\Github\C-Simple\src\CSimple\Services\ActionService.cs(304,31): warning CS0219: The variable 'MIN_KEY_DOWN_DURATION' is assigned but its value is never used [C:\Users\tanne\Documents\Github\C-Simple\src\CSimple\CSimple.csproj::TargetFramework=net8.0-windows10.0.19041.0]&#xD;
C:\Users\tanne\Documents\Github\C-Simple\src\CSimple\Services\ActionService.cs(305,31): warning CS0219: The variable 'MAX_KEY_DOWN_DURATION' is assigned but its value is never used [C:\Users\tanne\Documents\Github\C-Simple\src\CSimple\CSimple.csproj::TargetFramework=net8.0-windows10.0.19041.0]&#xD;
C:\Users\tanne\Documents\Github\C-Simple\src\CSimple\Services\MouseTrackingService.cs(178,30): warning CS0219: The variable 'leftButtonDown' is assigned but its value is never used [C:\Users\tanne\Documents\Github\C-Simple\src\CSimple\CSimple.csproj::TargetFramework=net8.0-windows10.0.19041.0]&#xD;
C:\Users\tanne\Documents\Github\C-Simple\src\CSimple\Services\MouseTrackingService.cs(179,30): warning CS0219: The variable 'rightButtonDown' is assigned but its value is never used [C:\Users\tanne\Documents\Github\C-Simple\src\CSimple\CSimple.csproj::TargetFramework=net8.0-windows10.0.19041.0]&#xD;
C:\Users\tanne\Documents\Github\C-Simple\src\CSimple\Services\MouseTrackingService.cs(180,30): warning CS0219: The variable 'middleButtonDown' is assigned but its value is never used [C:\Users\tanne\Documents\Github\C-Simple\src\CSimple\CSimple.csproj::TargetFramework=net8.0-windows10.0.19041.0]&#xD;
C:\Users\tanne\Documents\Github\C-Simple\src\CSimple\Services\InputCaptureService.cs(658,28): warning CS0219: The variable 'buttonCode' is assigned but its value is never used [C:\Users\tanne\Documents\Github\C-Simple\src\CSimple\CSimple.csproj::TargetFramework=net8.0-windows10.0.19041.0]&#xD;
C:\Users\tanne\Documents\Github\C-Simple\src\CSimple\Services\NodeManagementService.cs(22,27): warning CS1998: This async method lacks 'await' operators and will run synchronously. Consider using the 'await' operator to await non-blocking API calls, or 'await Task.Run(...)' to do CPU-bound work on a background thread. [C:\Users\tanne\Documents\Github\C-Simple\src\CSimple\CSimple.csproj::TargetFramework=net8.0-windows10.0.19041.0]&#xD;
C:\Users\tanne\Documents\Github\C-Simple\src\CSimple\Services\NodeManagementService.cs(48,27): warning CS1998: This async method lacks 'await' operators and will run synchronously. Consider using the 'await' operator to await non-blocking API calls, or 'await Task.Run(...)' to do CPU-bound work on a background thread. [C:\Users\tanne\Documents\Github\C-Simple\src\CSimple\CSimple.csproj::TargetFramework=net8.0-windows10.0.19041.0]&#xD;
C:\Users\tanne\Documents\Github\C-Simple\src\CSimple\ViewModels\NodeViewModel.cs(815,30): warning CS0168: The variable 'ex' is declared but never used [C:\Users\tanne\Documents\Github\C-Simple\src\CSimple\CSimple.csproj::TargetFramework=net8.0-windows10.0.19041.0]&#xD;
C:\Users\tanne\Documents\Github\C-Simple\src\CSimple\ViewModels\NodeViewModel.cs(855,30): warning CS0168: The variable 'ex' is declared but never used [C:\Users\tanne\Documents\Github\C-Simple\src\CSimple\CSimple.csproj::TargetFramework=net8.0-windows10.0.19041.0]&#xD;
C:\Users\tanne\Documents\Github\C-Simple\src\CSimple\Pages\ObservePage.xaml.cs(652,50): warning CS1998: This async method lacks 'await' operators and will run synchronously. Consider using the 'await' operator to await non-blocking API calls, or 'await Task.Run(...)' to do CPU-bound work on a background thread. [C:\Users\tanne\Documents\Github\C-Simple\src\CSimple\CSimple.csproj::TargetFramework=net8.0-windows10.0.19041.0]&#xD;
C:\Users\tanne\Documents\Github\C-Simple\src\CSimple\Services\PythonDependencyManager.cs(391,28): warning CS0219: The variable 'dllUrl' is assigned but its value is never used [C:\Users\tanne\Documents\Github\C-Simple\src\CSimple\CSimple.csproj::TargetFramework=net8.0-windows10.0.19041.0]&#xD;
C:\Users\tanne\Documents\Github\C-Simple\src\CSimple\Services\PythonDependencyManager.cs(566,33): warning CS1998: This async method lacks 'await' operators and will run synchronously. Consider using the 'await' operator to await non-blocking API calls, or 'await Task.Run(...)' to do CPU-bound work on a background thread. [C:\Users\tanne\Documents\Github\C-Simple\src\CSimple\CSimple.csproj::TargetFramework=net8.0-windows10.0.19041.0]&#xD;
C:\Users\tanne\Documents\Github\C-Simple\src\CSimple\Pages\ObservePage.xaml.cs(1005,42): warning CS1998: This async method lacks 'await' operators and will run synchronously. Consider using the 'await' operator to await non-blocking API calls, or 'await Task.Run(...)' to do CPU-bound work on a background thread. [C:\Users\tanne\Documents\Github\C-Simple\src\CSimple\CSimple.csproj::TargetFramework=net8.0-windows10.0.19041.0]&#xD;
C:\Users\tanne\Documents\Github\C-Simple\src\CSimple\Pages\ObservePage.xaml.cs(1002,28): warning CS1998: This async method lacks 'await' operators and will run synchronously. Consider using the 'await' operator to await non-blocking API calls, or 'await Task.Run(...)' to do CPU-bound work on a background thread. [C:\Users\tanne\Documents\Github\C-Simple\src\CSimple\CSimple.csproj::TargetFramework=net8.0-windows10.0.19041.0]&#xD;
C:\Users\tanne\Documents\Github\C-Simple\src\CSimple\Services\VoiceAssistantService.cs(21,37): warning CS0067: The event 'VoiceAssistantService.DebugMessageLogged' is never used [C:\Users\tanne\Documents\Github\C-Simple\src\CSimple\CSimple.csproj::TargetFramework=net8.0-windows10.0.19041.0]&#xD;
C:\Users\tanne\Documents\Github\C-Simple\src\CSimple\ViewModels\NetPageViewModel.cs(63,24): warning CS0169: The field 'NetPageViewModel._fallbackScriptPath' is never used [C:\Users\tanne\Documents\Github\C-Simple\src\CSimple\CSimple.csproj::TargetFramework=net8.0-windows10.0.19041.0]&#xD;
C:\Users\tanne\Documents\Github\C-Simple\src\CSimple\ViewModels\NodeViewModel.cs(21,26): warning CS0169: The field 'NodeViewModel._type' is never used [C:\Users\tanne\Documents\Github\C-Simple\src\CSimple\CSimple.csproj::TargetFramework=net8.0-windows10.0.19041.0]&#xD;
C:\Users\tanne\Documents\Github\C-Simple\src\CSimple\Pages\ActionDetailPage.xaml.cs(86,43): warning CS0169: The field 'ActionDetailViewModel._netPageViewModel' is never used [C:\Users\tanne\Documents\Github\C-Simple\src\CSimple\CSimple.csproj::TargetFramework=net8.0-windows10.0.19041.0]&#xD;
C:\Users\tanne\Documents\Github\C-Simple\src\CSimple\Services\VoiceAssistantService.cs(40,32): warning CS0649: Field 'VoiceAssistantService._waveWriter' is never assigned to, and will always have its default value null [C:\Users\tanne\Documents\Github\C-Simple\src\CSimple\CSimple.csproj::TargetFramework=net8.0-windows10.0.19041.0]&#xD;
C:\Users\tanne\Documents\Github\C-Simple\src\CSimple\ViewModels\NodeViewModel.cs(20,24): warning CS0169: The field 'NodeViewModel._name' is never used [C:\Users\tanne\Documents\Github\C-Simple\src\CSimple\CSimple.csproj::TargetFramework=net8.0-windows10.0.19041.0]&#xD;
C:\Users\tanne\Documents\Github\C-Simple\src\CSimple\Services\InputCaptureService.cs(19,37): warning CS0067: The event 'InputCaptureService.TouchInputCaptured' is never used [C:\Users\tanne\Documents\Github\C-Simple\src\CSimple\CSimple.csproj::TargetFramework=net8.0-windows10.0.19041.0]&#xD;
C:\Users\tanne\Documents\Github\C-Simple\src\CSimple\ViewModels\NodeViewModel.cs(19,24): warning CS0169: The field 'NodeViewModel._id' is never used [C:\Users\tanne\Documents\Github\C-Simple\src\CSimple\CSimple.csproj::TargetFramework=net8.0-windows10.0.19041.0]&#xD;
C:\Users\tanne\Documents\Github\C-Simple\src\CSimple\Services\AudioCaptureService.cs(16,37): warning CS0067: The event 'AudioCaptureService.DebugMessageLogged' is never used [C:\Users\tanne\Documents\Github\C-Simple\src\CSimple\CSimple.csproj::TargetFramework=net8.0-windows10.0.19041.0]&#xD;
C:\Users\tanne\Documents\Github\C-Simple\src\CSimple\Services\InputCaptureService.cs(45,21): warning CS0414: The field 'InputCaptureService._accumulatedDeltaY' is assigned but its value is never used [C:\Users\tanne\Documents\Github\C-Simple\src\CSimple\CSimple.csproj::TargetFramework=net8.0-windows10.0.19041.0]&#xD;
C:\Users\tanne\Documents\Github\C-Simple\src\CSimple\Services\ActionService.cs(30,22): warning CS0414: The field 'ActionService._isDragging' is assigned but its value is never used [C:\Users\tanne\Documents\Github\C-Simple\src\CSimple\CSimple.csproj::TargetFramework=net8.0-windows10.0.19041.0]&#xD;
C:\Users\tanne\Documents\Github\C-Simple\src\CSimple\Services\MouseTrackingService.cs(47,21): warning CS0414: The field 'MouseTrackingService._skippedFrames' is assigned but its value is never used [C:\Users\tanne\Documents\Github\C-Simple\src\CSimple\CSimple.csproj::TargetFramework=net8.0-windows10.0.19041.0]&#xD;
C:\Users\tanne\Documents\Github\C-Simple\src\CSimple\Services\PipelineExecutionService.cs(31,22): warning CS0414: The field 'PipelineExecutionService._executionCacheValid' is assigned but its value is never used [C:\Users\tanne\Documents\Github\C-Simple\src\CSimple\CSimple.csproj::TargetFramework=net8.0-windows10.0.19041.0]&#xD;
C:\Users\tanne\Documents\Github\C-Simple\src\CSimple\Services\InputCaptureService.cs(44,21): warning CS0414: The field 'InputCaptureService._accumulatedDeltaX' is assigned but its value is never used [C:\Users\tanne\Documents\Github\C-Simple\src\CSimple\CSimple.csproj::TargetFramework=net8.0-windows10.0.19041.0]&#xD;
C:\Users\tanne\Documents\Github\C-Simple\src\CSimple\ViewModels\NetPageViewModel.cs(62,22): warning CS0414: The field 'NetPageViewModel._useFallbackScript' is assigned but its value is never used [C:\Users\tanne\Documents\Github\C-Simple\src\CSimple\CSimple.csproj::TargetFramework=net8.0-windows10.0.19041.0]&#xD;
CSC : error CS2012: Cannot open 'C:\Users\tanne\Documents\Github\C-Simple\src\CSimple\obj\Debug\net8.0-windows10.0.19041.0\win10-x64\intermediatexaml\CSimple.dll' for writing -- The process cannot access the file 'C:\Users\tanne\Documents\Github\C-Simple\src\CSimple\obj\Debug\net8.0-windows10.0.19041.0\win10-x64\intermediatexaml\CSimple.dll' because it is being used by another process.; file may be locked by 'Microsoft.UI.Xaml.Markup.Compiler' (17640) [C:\Users\tanne\Documents\Github\C-Simple\src\CSimple\CSimple.csproj::TargetFramework=net8.0-windows10.0.19041.0]&#xD;
&#xD;
Build FAILED.&#xD;
&#xD;
C:\Users\tanne\Documents\Github\C-Simple\src\CSimple\App.xaml.cs(165,24): warning CS1998: This async method lacks 'await' operators and will run synchronously. Consider using the 'await' operator to await non-blocking API calls, or 'await Task.Run(...)' to do CPU-bound work on a background thread. [C:\Users\tanne\Documents\Github\C-Simple\src\CSimple\CSimple.csproj::TargetFramework=net8.0-windows10.0.19041.0]&#xD;
C:\Users\tanne\Documents\Github\C-Simple\src\CSimple\Services\VoiceAssistantService.cs(129,21): warning CS4014: Because this call is not awaited, execution of the current method continues before the call is completed. Consider applying the 'await' operator to the result of the call. [C:\Users\tanne\Documents\Github\C-Simple\src\CSimple\CSimple.csproj::TargetFramework=net8.0-windows10.0.19041.0]&#xD;
C:\Users\tanne\Documents\Github\C-Simple\src\CSimple\Services\ActionReviewService.cs(129,30): warning CS0168: The variable 'ex' is declared but never used [C:\Users\tanne\Documents\Github\C-Simple\src\CSimple\CSimple.csproj::TargetFramework=net8.0-windows10.0.19041.0]&#xD;
C:\Users\tanne\Documents\Github\C-Simple\src\CSimple\ViewModels\ModelManagementViewModel.cs(41,21): warning CS4014: Because this call is not awaited, execution of the current method continues before the call is completed. Consider applying the 'await' operator to the result of the call. [C:\Users\tanne\Documents\Github\C-Simple\src\CSimple\CSimple.csproj::TargetFramework=net8.0-windows10.0.19041.0]&#xD;
C:\Users\tanne\Documents\Github\C-Simple\src\CSimple\ViewModels\ModelManagementViewModel.cs(178,27): warning CS1998: This async method lacks 'await' operators and will run synchronously. Consider using the 'await' operator to await non-blocking API calls, or 'await Task.Run(...)' to do CPU-bound work on a background thread. [C:\Users\tanne\Documents\Github\C-Simple\src\CSimple\CSimple.csproj::TargetFramework=net8.0-windows10.0.19041.0]&#xD;
C:\Users\tanne\Documents\Github\C-Simple\src\CSimple\ViewModels\NodeViewModel.cs(433,34): warning CS0168: The variable 'ex' is declared but never used [C:\Users\tanne\Documents\Github\C-Simple\src\CSimple\CSimple.csproj::TargetFramework=net8.0-windows10.0.19041.0]&#xD;
C:\Users\tanne\Documents\Github\C-Simple\src\CSimple\Pages\ActionPage.xaml.cs(470,39): warning CS1998: This async method lacks 'await' operators and will run synchronously. Consider using the 'await' operator to await non-blocking API calls, or 'await Task.Run(...)' to do CPU-bound work on a background thread. [C:\Users\tanne\Documents\Github\C-Simple\src\CSimple\CSimple.csproj::TargetFramework=net8.0-windows10.0.19041.0]&#xD;
C:\Users\tanne\Documents\Github\C-Simple\src\CSimple\ViewModels\NodeViewModel.cs(664,30): warning CS0168: The variable 'ex' is declared but never used [C:\Users\tanne\Documents\Github\C-Simple\src\CSimple\CSimple.csproj::TargetFramework=net8.0-windows10.0.19041.0]&#xD;
C:\Users\tanne\Documents\Github\C-Simple\src\CSimple\Services\ActionService.cs(293,26): warning CS0219: The variable 'prevLeftButtonDown' is assigned but its value is never used [C:\Users\tanne\Documents\Github\C-Simple\src\CSimple\CSimple.csproj::TargetFramework=net8.0-windows10.0.19041.0]&#xD;
C:\Users\tanne\Documents\Github\C-Simple\src\CSimple\Services\ActionService.cs(295,26): warning CS0219: The variable 'prevMiddleButtonDown' is assigned but its value is never used [C:\Users\tanne\Documents\Github\C-Simple\src\CSimple\CSimple.csproj::TargetFramework=net8.0-windows10.0.19041.0]&#xD;
C:\Users\tanne\Documents\Github\C-Simple\src\CSimple\Services\ActionService.cs(304,31): warning CS0219: The variable 'MIN_KEY_DOWN_DURATION' is assigned but its value is never used [C:\Users\tanne\Documents\Github\C-Simple\src\CSimple\CSimple.csproj::TargetFramework=net8.0-windows10.0.19041.0]&#xD;
C:\Users\tanne\Documents\Github\C-Simple\src\CSimple\Services\ActionService.cs(305,31): warning CS0219: The variable 'MAX_KEY_DOWN_DURATION' is assigned but its value is never used [C:\Users\tanne\Documents\Github\C-Simple\src\CSimple\CSimple.csproj::TargetFramework=net8.0-windows10.0.19041.0]&#xD;
C:\Users\tanne\Documents\Github\C-Simple\src\CSimple\Services\MouseTrackingService.cs(178,30): warning CS0219: The variable 'leftButtonDown' is assigned but its value is never used [C:\Users\tanne\Documents\Github\C-Simple\src\CSimple\CSimple.csproj::TargetFramework=net8.0-windows10.0.19041.0]&#xD;
C:\Users\tanne\Documents\Github\C-Simple\src\CSimple\Services\MouseTrackingService.cs(179,30): warning CS0219: The variable 'rightButtonDown' is assigned but its value is never used [C:\Users\tanne\Documents\Github\C-Simple\src\CSimple\CSimple.csproj::TargetFramework=net8.0-windows10.0.19041.0]&#xD;
C:\Users\tanne\Documents\Github\C-Simple\src\CSimple\Services\MouseTrackingService.cs(180,30): warning CS0219: The variable 'middleButtonDown' is assigned but its value is never used [C:\Users\tanne\Documents\Github\C-Simple\src\CSimple\CSimple.csproj::TargetFramework=net8.0-windows10.0.19041.0]&#xD;
C:\Users\tanne\Documents\Github\C-Simple\src\CSimple\Services\InputCaptureService.cs(658,28): warning CS0219: The variable 'buttonCode' is assigned but its value is never used [C:\Users\tanne\Documents\Github\C-Simple\src\CSimple\CSimple.csproj::TargetFramework=net8.0-windows10.0.19041.0]&#xD;
C:\Users\tanne\Documents\Github\C-Simple\src\CSimple\Services\NodeManagementService.cs(22,27): warning CS1998: This async method lacks 'await' operators and will run synchronously. Consider using the 'await' operator to await non-blocking API calls, or 'await Task.Run(...)' to do CPU-bound work on a background thread. [C:\Users\tanne\Documents\Github\C-Simple\src\CSimple\CSimple.csproj::TargetFramework=net8.0-windows10.0.19041.0]&#xD;
C:\Users\tanne\Documents\Github\C-Simple\src\CSimple\Services\NodeManagementService.cs(48,27): warning CS1998: This async method lacks 'await' operators and will run synchronously. Consider using the 'await' operator to await non-blocking API calls, or 'await Task.Run(...)' to do CPU-bound work on a background thread. [C:\Users\tanne\Documents\Github\C-Simple\src\CSimple\CSimple.csproj::TargetFramework=net8.0-windows10.0.19041.0]&#xD;
C:\Users\tanne\Documents\Github\C-Simple\src\CSimple\ViewModels\NodeViewModel.cs(815,30): warning CS0168: The variable 'ex' is declared but never used [C:\Users\tanne\Documents\Github\C-Simple\src\CSimple\CSimple.csproj::TargetFramework=net8.0-windows10.0.19041.0]&#xD;
C:\Users\tanne\Documents\Github\C-Simple\src\CSimple\ViewModels\NodeViewModel.cs(855,30): warning CS0168: The variable 'ex' is declared but never used [C:\Users\tanne\Documents\Github\C-Simple\src\CSimple\CSimple.csproj::TargetFramework=net8.0-windows10.0.19041.0]&#xD;
C:\Users\tanne\Documents\Github\C-Simple\src\CSimple\Pages\ObservePage.xaml.cs(652,50): warning CS1998: This async method lacks 'await' operators and will run synchronously. Consider using the 'await' operator to await non-blocking API calls, or 'await Task.Run(...)' to do CPU-bound work on a background thread. [C:\Users\tanne\Documents\Github\C-Simple\src\CSimple\CSimple.csproj::TargetFramework=net8.0-windows10.0.19041.0]&#xD;
C:\Users\tanne\Documents\Github\C-Simple\src\CSimple\Services\PythonDependencyManager.cs(391,28): warning CS0219: The variable 'dllUrl' is assigned but its value is never used [C:\Users\tanne\Documents\Github\C-Simple\src\CSimple\CSimple.csproj::TargetFramework=net8.0-windows10.0.19041.0]&#xD;
C:\Users\tanne\Documents\Github\C-Simple\src\CSimple\Services\PythonDependencyManager.cs(566,33): warning CS1998: This async method lacks 'await' operators and will run synchronously. Consider using the 'await' operator to await non-blocking API calls, or 'await Task.Run(...)' to do CPU-bound work on a background thread. [C:\Users\tanne\Documents\Github\C-Simple\src\CSimple\CSimple.csproj::TargetFramework=net8.0-windows10.0.19041.0]&#xD;
C:\Users\tanne\Documents\Github\C-Simple\src\CSimple\Pages\ObservePage.xaml.cs(1005,42): warning CS1998: This async method lacks 'await' operators and will run synchronously. Consider using the 'await' operator to await non-blocking API calls, or 'await Task.Run(...)' to do CPU-bound work on a background thread. [C:\Users\tanne\Documents\Github\C-Simple\src\CSimple\CSimple.csproj::TargetFramework=net8.0-windows10.0.19041.0]&#xD;
C:\Users\tanne\Documents\Github\C-Simple\src\CSimple\Pages\ObservePage.xaml.cs(1002,28): warning CS1998: This async method lacks 'await' operators and will run synchronously. Consider using the 'await' operator to await non-blocking API calls, or 'await Task.Run(...)' to do CPU-bound work on a background thread. [C:\Users\tanne\Documents\Github\C-Simple\src\CSimple\CSimple.csproj::TargetFramework=net8.0-windows10.0.19041.0]&#xD;
C:\Users\tanne\Documents\Github\C-Simple\src\CSimple\Services\VoiceAssistantService.cs(21,37): warning CS0067: The event 'VoiceAssistantService.DebugMessageLogged' is never used [C:\Users\tanne\Documents\Github\C-Simple\src\CSimple\CSimple.csproj::TargetFramework=net8.0-windows10.0.19041.0]&#xD;
C:\Users\tanne\Documents\Github\C-Simple\src\CSimple\ViewModels\NetPageViewModel.cs(63,24): warning CS0169: The field 'NetPageViewModel._fallbackScriptPath' is never used [C:\Users\tanne\Documents\Github\C-Simple\src\CSimple\CSimple.csproj::TargetFramework=net8.0-windows10.0.19041.0]&#xD;
C:\Users\tanne\Documents\Github\C-Simple\src\CSimple\ViewModels\NodeViewModel.cs(21,26): warning CS0169: The field 'NodeViewModel._type' is never used [C:\Users\tanne\Documents\Github\C-Simple\src\CSimple\CSimple.csproj::TargetFramework=net8.0-windows10.0.19041.0]&#xD;
C:\Users\tanne\Documents\Github\C-Simple\src\CSimple\Pages\ActionDetailPage.xaml.cs(86,43): warning CS0169: The field 'ActionDetailViewModel._netPageViewModel' is never used [C:\Users\tanne\Documents\Github\C-Simple\src\CSimple\CSimple.csproj::TargetFramework=net8.0-windows10.0.19041.0]&#xD;
C:\Users\tanne\Documents\Github\C-Simple\src\CSimple\Services\VoiceAssistantService.cs(40,32): warning CS0649: Field 'VoiceAssistantService._waveWriter' is never assigned to, and will always have its default value null [C:\Users\tanne\Documents\Github\C-Simple\src\CSimple\CSimple.csproj::TargetFramework=net8.0-windows10.0.19041.0]&#xD;
C:\Users\tanne\Documents\Github\C-Simple\src\CSimple\ViewModels\NodeViewModel.cs(20,24): warning CS0169: The field 'NodeViewModel._name' is never used [C:\Users\tanne\Documents\Github\C-Simple\src\CSimple\CSimple.csproj::TargetFramework=net8.0-windows10.0.19041.0]&#xD;
C:\Users\tanne\Documents\Github\C-Simple\src\CSimple\Services\InputCaptureService.cs(19,37): warning CS0067: The event 'InputCaptureService.TouchInputCaptured' is never used [C:\Users\tanne\Documents\Github\C-Simple\src\CSimple\CSimple.csproj::TargetFramework=net8.0-windows10.0.19041.0]&#xD;
C:\Users\tanne\Documents\Github\C-Simple\src\CSimple\ViewModels\NodeViewModel.cs(19,24): warning CS0169: The field 'NodeViewModel._id' is never used [C:\Users\tanne\Documents\Github\C-Simple\src\CSimple\CSimple.csproj::TargetFramework=net8.0-windows10.0.19041.0]&#xD;
C:\Users\tanne\Documents\Github\C-Simple\src\CSimple\Services\AudioCaptureService.cs(16,37): warning CS0067: The event 'AudioCaptureService.DebugMessageLogged' is never used [C:\Users\tanne\Documents\Github\C-Simple\src\CSimple\CSimple.csproj::TargetFramework=net8.0-windows10.0.19041.0]&#xD;
C:\Users\tanne\Documents\Github\C-Simple\src\CSimple\Services\InputCaptureService.cs(45,21): warning CS0414: The field 'InputCaptureService._accumulatedDeltaY' is assigned but its value is never used [C:\Users\tanne\Documents\Github\C-Simple\src\CSimple\CSimple.csproj::TargetFramework=net8.0-windows10.0.19041.0]&#xD;
C:\Users\tanne\Documents\Github\C-Simple\src\CSimple\Services\ActionService.cs(30,22): warning CS0414: The field 'ActionService._isDragging' is assigned but its value is never used [C:\Users\tanne\Documents\Github\C-Simple\src\CSimple\CSimple.csproj::TargetFramework=net8.0-windows10.0.19041.0]&#xD;
C:\Users\tanne\Documents\Github\C-Simple\src\CSimple\Services\MouseTrackingService.cs(47,21): warning CS0414: The field 'MouseTrackingService._skippedFrames' is assigned but its value is never used [C:\Users\tanne\Documents\Github\C-Simple\src\CSimple\CSimple.csproj::TargetFramework=net8.0-windows10.0.19041.0]&#xD;
C:\Users\tanne\Documents\Github\C-Simple\src\CSimple\Services\PipelineExecutionService.cs(31,22): warning CS0414: The field 'PipelineExecutionService._executionCacheValid' is assigned but its value is never used [C:\Users\tanne\Documents\Github\C-Simple\src\CSimple\CSimple.csproj::TargetFramework=net8.0-windows10.0.19041.0]&#xD;
C:\Users\tanne\Documents\Github\C-Simple\src\CSimple\Services\InputCaptureService.cs(44,21): warning CS0414: The field 'InputCaptureService._accumulatedDeltaX' is assigned but its value is never used [C:\Users\tanne\Documents\Github\C-Simple\src\CSimple\CSimple.csproj::TargetFramework=net8.0-windows10.0.19041.0]&#xD;
C:\Users\tanne\Documents\Github\C-Simple\src\CSimple\ViewModels\NetPageViewModel.cs(62,22): warning CS0414: The field 'NetPageViewModel._useFallbackScript' is assigned but its value is never used [C:\Users\tanne\Documents\Github\C-Simple\src\CSimple\CSimple.csproj::TargetFramework=net8.0-windows10.0.19041.0]&#xD;
CSC : error CS2012: Cannot open 'C:\Users\tanne\Documents\Github\C-Simple\src\CSimple\obj\Debug\net8.0-windows10.0.19041.0\win10-x64\intermediatexaml\CSimple.dll' for writing -- The process cannot access the file 'C:\Users\tanne\Documents\Github\C-Simple\src\CSimple\obj\Debug\net8.0-windows10.0.19041.0\win10-x64\intermediatexaml\CSimple.dll' because it is being used by another process.; file may be locked by 'Microsoft.UI.Xaml.Markup.Compiler' (17640) [C:\Users\tanne\Documents\Github\C-Simple\src\CSimple\CSimple.csproj::TargetFramework=net8.0-windows10.0.19041.0]&#xD;
    40 Warning(s)&#xD;
    1 Error(s)&#xD;
&#xD;
Time Elapsed 00:00:07.61&#xD;
&#xD;
Workload updates are available. Run `dotnet workload list` for more information.&#xD;
. Error: </Message>
          <StackTrace>   at CSimple.Tests.IntegrationTests.DotNetBuildIntegrationTests.DotNetBuild_ShouldCompleteSuccessfully() in C:\Users\tanne\Documents\Github\C-Simple\src\CSimple.Tests\DotNetBuildIntegrationTests.cs:line 187&#xD;
</StackTrace>
        </ErrorInfo>
      </Output>
    </UnitTestResult>
    <UnitTestResult executionId="6a917ff9-c3da-4b75-b1f9-e98e7ac2ebd6" testId="6da7afcf-8d0f-c48d-27de-9a276ab46218" testName="PathResolution_DiagnosticInfo" computerName="STH_PC" duration="00:00:00.0005865" startTime="2025-08-10T17:22:19.4635262-04:00" endTime="2025-08-10T17:22:19.4642500-04:00" testType="13cdc9d9-ddb5-4fa4-a97d-d965ccfc6d4b" outcome="Passed" testListId="8c84fa94-04c1-424b-9868-57a2d4851a1d" relativeResultsDirectory="6a917ff9-c3da-4b75-b1f9-e98e7ac2ebd6" />
    <UnitTestResult executionId="f73881be-decc-4eb2-a01a-2109d615503b" testId="5dedcc20-77d9-69ff-1397-62123685544e" testName="DotNetBuild_ShouldCompleteWithinTimeLimit" computerName="STH_PC" duration="00:00:07.5389888" startTime="2025-08-10T17:22:10.7537209-04:00" endTime="2025-08-10T17:22:18.2930416-04:00" testType="13cdc9d9-ddb5-4fa4-a97d-d965ccfc6d4b" outcome="Failed" testListId="8c84fa94-04c1-424b-9868-57a2d4851a1d" relativeResultsDirectory="f73881be-decc-4eb2-a01a-2109d615503b">
      <Output>
        <ErrorInfo>
          <Message>Assert.AreEqual failed. Expected:&lt;0&gt;. Actual:&lt;1&gt;. Build should succeed. Output:   Determining projects to restore...&#xD;
  All projects are up-to-date for restore.&#xD;
C:\Users\tanne\Documents\Github\C-Simple\src\CSimple\App.xaml.cs(165,24): warning CS1998: This async method lacks 'await' operators and will run synchronously. Consider using the 'await' operator to await non-blocking API calls, or 'await Task.Run(...)' to do CPU-bound work on a background thread. [C:\Users\tanne\Documents\Github\C-Simple\src\CSimple\CSimple.csproj::TargetFramework=net8.0-windows10.0.19041.0]&#xD;
C:\Users\tanne\Documents\Github\C-Simple\src\CSimple\Services\VoiceAssistantService.cs(129,21): warning CS4014: Because this call is not awaited, execution of the current method continues before the call is completed. Consider applying the 'await' operator to the result of the call. [C:\Users\tanne\Documents\Github\C-Simple\src\CSimple\CSimple.csproj::TargetFramework=net8.0-windows10.0.19041.0]&#xD;
C:\Users\tanne\Documents\Github\C-Simple\src\CSimple\ViewModels\ModelManagementViewModel.cs(41,21): warning CS4014: Because this call is not awaited, execution of the current method continues before the call is completed. Consider applying the 'await' operator to the result of the call. [C:\Users\tanne\Documents\Github\C-Simple\src\CSimple\CSimple.csproj::TargetFramework=net8.0-windows10.0.19041.0]&#xD;
C:\Users\tanne\Documents\Github\C-Simple\src\CSimple\Services\ActionReviewService.cs(129,30): warning CS0168: The variable 'ex' is declared but never used [C:\Users\tanne\Documents\Github\C-Simple\src\CSimple\CSimple.csproj::TargetFramework=net8.0-windows10.0.19041.0]&#xD;
C:\Users\tanne\Documents\Github\C-Simple\src\CSimple\Pages\ActionPage.xaml.cs(470,39): warning CS1998: This async method lacks 'await' operators and will run synchronously. Consider using the 'await' operator to await non-blocking API calls, or 'await Task.Run(...)' to do CPU-bound work on a background thread. [C:\Users\tanne\Documents\Github\C-Simple\src\CSimple\CSimple.csproj::TargetFramework=net8.0-windows10.0.19041.0]&#xD;
C:\Users\tanne\Documents\Github\C-Simple\src\CSimple\ViewModels\NodeViewModel.cs(433,34): warning CS0168: The variable 'ex' is declared but never used [C:\Users\tanne\Documents\Github\C-Simple\src\CSimple\CSimple.csproj::TargetFramework=net8.0-windows10.0.19041.0]&#xD;
C:\Users\tanne\Documents\Github\C-Simple\src\CSimple\ViewModels\NodeViewModel.cs(664,30): warning CS0168: The variable 'ex' is declared but never used [C:\Users\tanne\Documents\Github\C-Simple\src\CSimple\CSimple.csproj::TargetFramework=net8.0-windows10.0.19041.0]&#xD;
C:\Users\tanne\Documents\Github\C-Simple\src\CSimple\ViewModels\NodeViewModel.cs(815,30): warning CS0168: The variable 'ex' is declared but never used [C:\Users\tanne\Documents\Github\C-Simple\src\CSimple\CSimple.csproj::TargetFramework=net8.0-windows10.0.19041.0]&#xD;
C:\Users\tanne\Documents\Github\C-Simple\src\CSimple\ViewModels\NodeViewModel.cs(855,30): warning CS0168: The variable 'ex' is declared but never used [C:\Users\tanne\Documents\Github\C-Simple\src\CSimple\CSimple.csproj::TargetFramework=net8.0-windows10.0.19041.0]&#xD;
C:\Users\tanne\Documents\Github\C-Simple\src\CSimple\Services\MouseTrackingService.cs(178,30): warning CS0219: The variable 'leftButtonDown' is assigned but its value is never used [C:\Users\tanne\Documents\Github\C-Simple\src\CSimple\CSimple.csproj::TargetFramework=net8.0-windows10.0.19041.0]&#xD;
C:\Users\tanne\Documents\Github\C-Simple\src\CSimple\Services\MouseTrackingService.cs(179,30): warning CS0219: The variable 'rightButtonDown' is assigned but its value is never used [C:\Users\tanne\Documents\Github\C-Simple\src\CSimple\CSimple.csproj::TargetFramework=net8.0-windows10.0.19041.0]&#xD;
C:\Users\tanne\Documents\Github\C-Simple\src\CSimple\Services\MouseTrackingService.cs(180,30): warning CS0219: The variable 'middleButtonDown' is assigned but its value is never used [C:\Users\tanne\Documents\Github\C-Simple\src\CSimple\CSimple.csproj::TargetFramework=net8.0-windows10.0.19041.0]&#xD;
C:\Users\tanne\Documents\Github\C-Simple\src\CSimple\Services\NodeManagementService.cs(22,27): warning CS1998: This async method lacks 'await' operators and will run synchronously. Consider using the 'await' operator to await non-blocking API calls, or 'await Task.Run(...)' to do CPU-bound work on a background thread. [C:\Users\tanne\Documents\Github\C-Simple\src\CSimple\CSimple.csproj::TargetFramework=net8.0-windows10.0.19041.0]&#xD;
C:\Users\tanne\Documents\Github\C-Simple\src\CSimple\Services\NodeManagementService.cs(48,27): warning CS1998: This async method lacks 'await' operators and will run synchronously. Consider using the 'await' operator to await non-blocking API calls, or 'await Task.Run(...)' to do CPU-bound work on a background thread. [C:\Users\tanne\Documents\Github\C-Simple\src\CSimple\CSimple.csproj::TargetFramework=net8.0-windows10.0.19041.0]&#xD;
C:\Users\tanne\Documents\Github\C-Simple\src\CSimple\Services\ActionService.cs(293,26): warning CS0219: The variable 'prevLeftButtonDown' is assigned but its value is never used [C:\Users\tanne\Documents\Github\C-Simple\src\CSimple\CSimple.csproj::TargetFramework=net8.0-windows10.0.19041.0]&#xD;
C:\Users\tanne\Documents\Github\C-Simple\src\CSimple\Services\ActionService.cs(295,26): warning CS0219: The variable 'prevMiddleButtonDown' is assigned but its value is never used [C:\Users\tanne\Documents\Github\C-Simple\src\CSimple\CSimple.csproj::TargetFramework=net8.0-windows10.0.19041.0]&#xD;
C:\Users\tanne\Documents\Github\C-Simple\src\CSimple\Services\ActionService.cs(304,31): warning CS0219: The variable 'MIN_KEY_DOWN_DURATION' is assigned but its value is never used [C:\Users\tanne\Documents\Github\C-Simple\src\CSimple\CSimple.csproj::TargetFramework=net8.0-windows10.0.19041.0]&#xD;
C:\Users\tanne\Documents\Github\C-Simple\src\CSimple\Services\ActionService.cs(305,31): warning CS0219: The variable 'MAX_KEY_DOWN_DURATION' is assigned but its value is never used [C:\Users\tanne\Documents\Github\C-Simple\src\CSimple\CSimple.csproj::TargetFramework=net8.0-windows10.0.19041.0]&#xD;
C:\Users\tanne\Documents\Github\C-Simple\src\CSimple\ViewModels\ModelManagementViewModel.cs(178,27): warning CS1998: This async method lacks 'await' operators and will run synchronously. Consider using the 'await' operator to await non-blocking API calls, or 'await Task.Run(...)' to do CPU-bound work on a background thread. [C:\Users\tanne\Documents\Github\C-Simple\src\CSimple\CSimple.csproj::TargetFramework=net8.0-windows10.0.19041.0]&#xD;
C:\Users\tanne\Documents\Github\C-Simple\src\CSimple\Pages\ObservePage.xaml.cs(652,50): warning CS1998: This async method lacks 'await' operators and will run synchronously. Consider using the 'await' operator to await non-blocking API calls, or 'await Task.Run(...)' to do CPU-bound work on a background thread. [C:\Users\tanne\Documents\Github\C-Simple\src\CSimple\CSimple.csproj::TargetFramework=net8.0-windows10.0.19041.0]&#xD;
C:\Users\tanne\Documents\Github\C-Simple\src\CSimple\Services\InputCaptureService.cs(658,28): warning CS0219: The variable 'buttonCode' is assigned but its value is never used [C:\Users\tanne\Documents\Github\C-Simple\src\CSimple\CSimple.csproj::TargetFramework=net8.0-windows10.0.19041.0]&#xD;
C:\Users\tanne\Documents\Github\C-Simple\src\CSimple\Pages\ObservePage.xaml.cs(1005,42): warning CS1998: This async method lacks 'await' operators and will run synchronously. Consider using the 'await' operator to await non-blocking API calls, or 'await Task.Run(...)' to do CPU-bound work on a background thread. [C:\Users\tanne\Documents\Github\C-Simple\src\CSimple\CSimple.csproj::TargetFramework=net8.0-windows10.0.19041.0]&#xD;
C:\Users\tanne\Documents\Github\C-Simple\src\CSimple\Pages\ObservePage.xaml.cs(1002,28): warning CS1998: This async method lacks 'await' operators and will run synchronously. Consider using the 'await' operator to await non-blocking API calls, or 'await Task.Run(...)' to do CPU-bound work on a background thread. [C:\Users\tanne\Documents\Github\C-Simple\src\CSimple\CSimple.csproj::TargetFramework=net8.0-windows10.0.19041.0]&#xD;
C:\Users\tanne\Documents\Github\C-Simple\src\CSimple\Services\PythonDependencyManager.cs(391,28): warning CS0219: The variable 'dllUrl' is assigned but its value is never used [C:\Users\tanne\Documents\Github\C-Simple\src\CSimple\CSimple.csproj::TargetFramework=net8.0-windows10.0.19041.0]&#xD;
C:\Users\tanne\Documents\Github\C-Simple\src\CSimple\Services\PythonDependencyManager.cs(566,33): warning CS1998: This async method lacks 'await' operators and will run synchronously. Consider using the 'await' operator to await non-blocking API calls, or 'await Task.Run(...)' to do CPU-bound work on a background thread. [C:\Users\tanne\Documents\Github\C-Simple\src\CSimple\CSimple.csproj::TargetFramework=net8.0-windows10.0.19041.0]&#xD;
C:\Users\tanne\Documents\Github\C-Simple\src\CSimple\Services\VoiceAssistantService.cs(40,32): warning CS0649: Field 'VoiceAssistantService._waveWriter' is never assigned to, and will always have its default value null [C:\Users\tanne\Documents\Github\C-Simple\src\CSimple\CSimple.csproj::TargetFramework=net8.0-windows10.0.19041.0]&#xD;
C:\Users\tanne\Documents\Github\C-Simple\src\CSimple\ViewModels\NodeViewModel.cs(21,26): warning CS0169: The field 'NodeViewModel._type' is never used [C:\Users\tanne\Documents\Github\C-Simple\src\CSimple\CSimple.csproj::TargetFramework=net8.0-windows10.0.19041.0]&#xD;
C:\Users\tanne\Documents\Github\C-Simple\src\CSimple\Services\InputCaptureService.cs(19,37): warning CS0067: The event 'InputCaptureService.TouchInputCaptured' is never used [C:\Users\tanne\Documents\Github\C-Simple\src\CSimple\CSimple.csproj::TargetFramework=net8.0-windows10.0.19041.0]&#xD;
C:\Users\tanne\Documents\Github\C-Simple\src\CSimple\Services\AudioCaptureService.cs(16,37): warning CS0067: The event 'AudioCaptureService.DebugMessageLogged' is never used [C:\Users\tanne\Documents\Github\C-Simple\src\CSimple\CSimple.csproj::TargetFramework=net8.0-windows10.0.19041.0]&#xD;
C:\Users\tanne\Documents\Github\C-Simple\src\CSimple\Pages\ActionDetailPage.xaml.cs(86,43): warning CS0169: The field 'ActionDetailViewModel._netPageViewModel' is never used [C:\Users\tanne\Documents\Github\C-Simple\src\CSimple\CSimple.csproj::TargetFramework=net8.0-windows10.0.19041.0]&#xD;
C:\Users\tanne\Documents\Github\C-Simple\src\CSimple\Services\VoiceAssistantService.cs(21,37): warning CS0067: The event 'VoiceAssistantService.DebugMessageLogged' is never used [C:\Users\tanne\Documents\Github\C-Simple\src\CSimple\CSimple.csproj::TargetFramework=net8.0-windows10.0.19041.0]&#xD;
C:\Users\tanne\Documents\Github\C-Simple\src\CSimple\ViewModels\NodeViewModel.cs(20,24): warning CS0169: The field 'NodeViewModel._name' is never used [C:\Users\tanne\Documents\Github\C-Simple\src\CSimple\CSimple.csproj::TargetFramework=net8.0-windows10.0.19041.0]&#xD;
C:\Users\tanne\Documents\Github\C-Simple\src\CSimple\ViewModels\NetPageViewModel.cs(63,24): warning CS0169: The field 'NetPageViewModel._fallbackScriptPath' is never used [C:\Users\tanne\Documents\Github\C-Simple\src\CSimple\CSimple.csproj::TargetFramework=net8.0-windows10.0.19041.0]&#xD;
C:\Users\tanne\Documents\Github\C-Simple\src\CSimple\ViewModels\NodeViewModel.cs(19,24): warning CS0169: The field 'NodeViewModel._id' is never used [C:\Users\tanne\Documents\Github\C-Simple\src\CSimple\CSimple.csproj::TargetFramework=net8.0-windows10.0.19041.0]&#xD;
C:\Users\tanne\Documents\Github\C-Simple\src\CSimple\Services\ActionService.cs(30,22): warning CS0414: The field 'ActionService._isDragging' is assigned but its value is never used [C:\Users\tanne\Documents\Github\C-Simple\src\CSimple\CSimple.csproj::TargetFramework=net8.0-windows10.0.19041.0]&#xD;
C:\Users\tanne\Documents\Github\C-Simple\src\CSimple\Services\InputCaptureService.cs(44,21): warning CS0414: The field 'InputCaptureService._accumulatedDeltaX' is assigned but its value is never used [C:\Users\tanne\Documents\Github\C-Simple\src\CSimple\CSimple.csproj::TargetFramework=net8.0-windows10.0.19041.0]&#xD;
C:\Users\tanne\Documents\Github\C-Simple\src\CSimple\Services\InputCaptureService.cs(45,21): warning CS0414: The field 'InputCaptureService._accumulatedDeltaY' is assigned but its value is never used [C:\Users\tanne\Documents\Github\C-Simple\src\CSimple\CSimple.csproj::TargetFramework=net8.0-windows10.0.19041.0]&#xD;
C:\Users\tanne\Documents\Github\C-Simple\src\CSimple\Services\PipelineExecutionService.cs(31,22): warning CS0414: The field 'PipelineExecutionService._executionCacheValid' is assigned but its value is never used [C:\Users\tanne\Documents\Github\C-Simple\src\CSimple\CSimple.csproj::TargetFramework=net8.0-windows10.0.19041.0]&#xD;
C:\Users\tanne\Documents\Github\C-Simple\src\CSimple\Services\MouseTrackingService.cs(47,21): warning CS0414: The field 'MouseTrackingService._skippedFrames' is assigned but its value is never used [C:\Users\tanne\Documents\Github\C-Simple\src\CSimple\CSimple.csproj::TargetFramework=net8.0-windows10.0.19041.0]&#xD;
C:\Users\tanne\Documents\Github\C-Simple\src\CSimple\ViewModels\NetPageViewModel.cs(62,22): warning CS0414: The field 'NetPageViewModel._useFallbackScript' is assigned but its value is never used [C:\Users\tanne\Documents\Github\C-Simple\src\CSimple\CSimple.csproj::TargetFramework=net8.0-windows10.0.19041.0]&#xD;
CSC : error CS2012: Cannot open 'C:\Users\tanne\Documents\Github\C-Simple\src\CSimple\obj\Debug\net8.0-windows10.0.19041.0\win10-x64\intermediatexaml\CSimple.dll' for writing -- The process cannot access the file 'C:\Users\tanne\Documents\Github\C-Simple\src\CSimple\obj\Debug\net8.0-windows10.0.19041.0\win10-x64\intermediatexaml\CSimple.dll' because it is being used by another process.; file may be locked by 'Microsoft.UI.Xaml.Markup.Compiler' (17640) [C:\Users\tanne\Documents\Github\C-Simple\src\CSimple\CSimple.csproj::TargetFramework=net8.0-windows10.0.19041.0]&#xD;
&#xD;
Build FAILED.&#xD;
&#xD;
C:\Users\tanne\Documents\Github\C-Simple\src\CSimple\App.xaml.cs(165,24): warning CS1998: This async method lacks 'await' operators and will run synchronously. Consider using the 'await' operator to await non-blocking API calls, or 'await Task.Run(...)' to do CPU-bound work on a background thread. [C:\Users\tanne\Documents\Github\C-Simple\src\CSimple\CSimple.csproj::TargetFramework=net8.0-windows10.0.19041.0]&#xD;
C:\Users\tanne\Documents\Github\C-Simple\src\CSimple\Services\VoiceAssistantService.cs(129,21): warning CS4014: Because this call is not awaited, execution of the current method continues before the call is completed. Consider applying the 'await' operator to the result of the call. [C:\Users\tanne\Documents\Github\C-Simple\src\CSimple\CSimple.csproj::TargetFramework=net8.0-windows10.0.19041.0]&#xD;
C:\Users\tanne\Documents\Github\C-Simple\src\CSimple\ViewModels\ModelManagementViewModel.cs(41,21): warning CS4014: Because this call is not awaited, execution of the current method continues before the call is completed. Consider applying the 'await' operator to the result of the call. [C:\Users\tanne\Documents\Github\C-Simple\src\CSimple\CSimple.csproj::TargetFramework=net8.0-windows10.0.19041.0]&#xD;
C:\Users\tanne\Documents\Github\C-Simple\src\CSimple\Services\ActionReviewService.cs(129,30): warning CS0168: The variable 'ex' is declared but never used [C:\Users\tanne\Documents\Github\C-Simple\src\CSimple\CSimple.csproj::TargetFramework=net8.0-windows10.0.19041.0]&#xD;
C:\Users\tanne\Documents\Github\C-Simple\src\CSimple\Pages\ActionPage.xaml.cs(470,39): warning CS1998: This async method lacks 'await' operators and will run synchronously. Consider using the 'await' operator to await non-blocking API calls, or 'await Task.Run(...)' to do CPU-bound work on a background thread. [C:\Users\tanne\Documents\Github\C-Simple\src\CSimple\CSimple.csproj::TargetFramework=net8.0-windows10.0.19041.0]&#xD;
C:\Users\tanne\Documents\Github\C-Simple\src\CSimple\ViewModels\NodeViewModel.cs(433,34): warning CS0168: The variable 'ex' is declared but never used [C:\Users\tanne\Documents\Github\C-Simple\src\CSimple\CSimple.csproj::TargetFramework=net8.0-windows10.0.19041.0]&#xD;
C:\Users\tanne\Documents\Github\C-Simple\src\CSimple\ViewModels\NodeViewModel.cs(664,30): warning CS0168: The variable 'ex' is declared but never used [C:\Users\tanne\Documents\Github\C-Simple\src\CSimple\CSimple.csproj::TargetFramework=net8.0-windows10.0.19041.0]&#xD;
C:\Users\tanne\Documents\Github\C-Simple\src\CSimple\ViewModels\NodeViewModel.cs(815,30): warning CS0168: The variable 'ex' is declared but never used [C:\Users\tanne\Documents\Github\C-Simple\src\CSimple\CSimple.csproj::TargetFramework=net8.0-windows10.0.19041.0]&#xD;
C:\Users\tanne\Documents\Github\C-Simple\src\CSimple\ViewModels\NodeViewModel.cs(855,30): warning CS0168: The variable 'ex' is declared but never used [C:\Users\tanne\Documents\Github\C-Simple\src\CSimple\CSimple.csproj::TargetFramework=net8.0-windows10.0.19041.0]&#xD;
C:\Users\tanne\Documents\Github\C-Simple\src\CSimple\Services\MouseTrackingService.cs(178,30): warning CS0219: The variable 'leftButtonDown' is assigned but its value is never used [C:\Users\tanne\Documents\Github\C-Simple\src\CSimple\CSimple.csproj::TargetFramework=net8.0-windows10.0.19041.0]&#xD;
C:\Users\tanne\Documents\Github\C-Simple\src\CSimple\Services\MouseTrackingService.cs(179,30): warning CS0219: The variable 'rightButtonDown' is assigned but its value is never used [C:\Users\tanne\Documents\Github\C-Simple\src\CSimple\CSimple.csproj::TargetFramework=net8.0-windows10.0.19041.0]&#xD;
C:\Users\tanne\Documents\Github\C-Simple\src\CSimple\Services\MouseTrackingService.cs(180,30): warning CS0219: The variable 'middleButtonDown' is assigned but its value is never used [C:\Users\tanne\Documents\Github\C-Simple\src\CSimple\CSimple.csproj::TargetFramework=net8.0-windows10.0.19041.0]&#xD;
C:\Users\tanne\Documents\Github\C-Simple\src\CSimple\Services\NodeManagementService.cs(22,27): warning CS1998: This async method lacks 'await' operators and will run synchronously. Consider using the 'await' operator to await non-blocking API calls, or 'await Task.Run(...)' to do CPU-bound work on a background thread. [C:\Users\tanne\Documents\Github\C-Simple\src\CSimple\CSimple.csproj::TargetFramework=net8.0-windows10.0.19041.0]&#xD;
C:\Users\tanne\Documents\Github\C-Simple\src\CSimple\Services\NodeManagementService.cs(48,27): warning CS1998: This async method lacks 'await' operators and will run synchronously. Consider using the 'await' operator to await non-blocking API calls, or 'await Task.Run(...)' to do CPU-bound work on a background thread. [C:\Users\tanne\Documents\Github\C-Simple\src\CSimple\CSimple.csproj::TargetFramework=net8.0-windows10.0.19041.0]&#xD;
C:\Users\tanne\Documents\Github\C-Simple\src\CSimple\Services\ActionService.cs(293,26): warning CS0219: The variable 'prevLeftButtonDown' is assigned but its value is never used [C:\Users\tanne\Documents\Github\C-Simple\src\CSimple\CSimple.csproj::TargetFramework=net8.0-windows10.0.19041.0]&#xD;
C:\Users\tanne\Documents\Github\C-Simple\src\CSimple\Services\ActionService.cs(295,26): warning CS0219: The variable 'prevMiddleButtonDown' is assigned but its value is never used [C:\Users\tanne\Documents\Github\C-Simple\src\CSimple\CSimple.csproj::TargetFramework=net8.0-windows10.0.19041.0]&#xD;
C:\Users\tanne\Documents\Github\C-Simple\src\CSimple\Services\ActionService.cs(304,31): warning CS0219: The variable 'MIN_KEY_DOWN_DURATION' is assigned but its value is never used [C:\Users\tanne\Documents\Github\C-Simple\src\CSimple\CSimple.csproj::TargetFramework=net8.0-windows10.0.19041.0]&#xD;
C:\Users\tanne\Documents\Github\C-Simple\src\CSimple\Services\ActionService.cs(305,31): warning CS0219: The variable 'MAX_KEY_DOWN_DURATION' is assigned but its value is never used [C:\Users\tanne\Documents\Github\C-Simple\src\CSimple\CSimple.csproj::TargetFramework=net8.0-windows10.0.19041.0]&#xD;
C:\Users\tanne\Documents\Github\C-Simple\src\CSimple\ViewModels\ModelManagementViewModel.cs(178,27): warning CS1998: This async method lacks 'await' operators and will run synchronously. Consider using the 'await' operator to await non-blocking API calls, or 'await Task.Run(...)' to do CPU-bound work on a background thread. [C:\Users\tanne\Documents\Github\C-Simple\src\CSimple\CSimple.csproj::TargetFramework=net8.0-windows10.0.19041.0]&#xD;
C:\Users\tanne\Documents\Github\C-Simple\src\CSimple\Pages\ObservePage.xaml.cs(652,50): warning CS1998: This async method lacks 'await' operators and will run synchronously. Consider using the 'await' operator to await non-blocking API calls, or 'await Task.Run(...)' to do CPU-bound work on a background thread. [C:\Users\tanne\Documents\Github\C-Simple\src\CSimple\CSimple.csproj::TargetFramework=net8.0-windows10.0.19041.0]&#xD;
C:\Users\tanne\Documents\Github\C-Simple\src\CSimple\Services\InputCaptureService.cs(658,28): warning CS0219: The variable 'buttonCode' is assigned but its value is never used [C:\Users\tanne\Documents\Github\C-Simple\src\CSimple\CSimple.csproj::TargetFramework=net8.0-windows10.0.19041.0]&#xD;
C:\Users\tanne\Documents\Github\C-Simple\src\CSimple\Pages\ObservePage.xaml.cs(1005,42): warning CS1998: This async method lacks 'await' operators and will run synchronously. Consider using the 'await' operator to await non-blocking API calls, or 'await Task.Run(...)' to do CPU-bound work on a background thread. [C:\Users\tanne\Documents\Github\C-Simple\src\CSimple\CSimple.csproj::TargetFramework=net8.0-windows10.0.19041.0]&#xD;
C:\Users\tanne\Documents\Github\C-Simple\src\CSimple\Pages\ObservePage.xaml.cs(1002,28): warning CS1998: This async method lacks 'await' operators and will run synchronously. Consider using the 'await' operator to await non-blocking API calls, or 'await Task.Run(...)' to do CPU-bound work on a background thread. [C:\Users\tanne\Documents\Github\C-Simple\src\CSimple\CSimple.csproj::TargetFramework=net8.0-windows10.0.19041.0]&#xD;
C:\Users\tanne\Documents\Github\C-Simple\src\CSimple\Services\PythonDependencyManager.cs(391,28): warning CS0219: The variable 'dllUrl' is assigned but its value is never used [C:\Users\tanne\Documents\Github\C-Simple\src\CSimple\CSimple.csproj::TargetFramework=net8.0-windows10.0.19041.0]&#xD;
C:\Users\tanne\Documents\Github\C-Simple\src\CSimple\Services\PythonDependencyManager.cs(566,33): warning CS1998: This async method lacks 'await' operators and will run synchronously. Consider using the 'await' operator to await non-blocking API calls, or 'await Task.Run(...)' to do CPU-bound work on a background thread. [C:\Users\tanne\Documents\Github\C-Simple\src\CSimple\CSimple.csproj::TargetFramework=net8.0-windows10.0.19041.0]&#xD;
C:\Users\tanne\Documents\Github\C-Simple\src\CSimple\Services\VoiceAssistantService.cs(40,32): warning CS0649: Field 'VoiceAssistantService._waveWriter' is never assigned to, and will always have its default value null [C:\Users\tanne\Documents\Github\C-Simple\src\CSimple\CSimple.csproj::TargetFramework=net8.0-windows10.0.19041.0]&#xD;
C:\Users\tanne\Documents\Github\C-Simple\src\CSimple\ViewModels\NodeViewModel.cs(21,26): warning CS0169: The field 'NodeViewModel._type' is never used [C:\Users\tanne\Documents\Github\C-Simple\src\CSimple\CSimple.csproj::TargetFramework=net8.0-windows10.0.19041.0]&#xD;
C:\Users\tanne\Documents\Github\C-Simple\src\CSimple\Services\InputCaptureService.cs(19,37): warning CS0067: The event 'InputCaptureService.TouchInputCaptured' is never used [C:\Users\tanne\Documents\Github\C-Simple\src\CSimple\CSimple.csproj::TargetFramework=net8.0-windows10.0.19041.0]&#xD;
C:\Users\tanne\Documents\Github\C-Simple\src\CSimple\Services\AudioCaptureService.cs(16,37): warning CS0067: The event 'AudioCaptureService.DebugMessageLogged' is never used [C:\Users\tanne\Documents\Github\C-Simple\src\CSimple\CSimple.csproj::TargetFramework=net8.0-windows10.0.19041.0]&#xD;
C:\Users\tanne\Documents\Github\C-Simple\src\CSimple\Pages\ActionDetailPage.xaml.cs(86,43): warning CS0169: The field 'ActionDetailViewModel._netPageViewModel' is never used [C:\Users\tanne\Documents\Github\C-Simple\src\CSimple\CSimple.csproj::TargetFramework=net8.0-windows10.0.19041.0]&#xD;
C:\Users\tanne\Documents\Github\C-Simple\src\CSimple\Services\VoiceAssistantService.cs(21,37): warning CS0067: The event 'VoiceAssistantService.DebugMessageLogged' is never used [C:\Users\tanne\Documents\Github\C-Simple\src\CSimple\CSimple.csproj::TargetFramework=net8.0-windows10.0.19041.0]&#xD;
C:\Users\tanne\Documents\Github\C-Simple\src\CSimple\ViewModels\NodeViewModel.cs(20,24): warning CS0169: The field 'NodeViewModel._name' is never used [C:\Users\tanne\Documents\Github\C-Simple\src\CSimple\CSimple.csproj::TargetFramework=net8.0-windows10.0.19041.0]&#xD;
C:\Users\tanne\Documents\Github\C-Simple\src\CSimple\ViewModels\NetPageViewModel.cs(63,24): warning CS0169: The field 'NetPageViewModel._fallbackScriptPath' is never used [C:\Users\tanne\Documents\Github\C-Simple\src\CSimple\CSimple.csproj::TargetFramework=net8.0-windows10.0.19041.0]&#xD;
C:\Users\tanne\Documents\Github\C-Simple\src\CSimple\ViewModels\NodeViewModel.cs(19,24): warning CS0169: The field 'NodeViewModel._id' is never used [C:\Users\tanne\Documents\Github\C-Simple\src\CSimple\CSimple.csproj::TargetFramework=net8.0-windows10.0.19041.0]&#xD;
C:\Users\tanne\Documents\Github\C-Simple\src\CSimple\Services\ActionService.cs(30,22): warning CS0414: The field 'ActionService._isDragging' is assigned but its value is never used [C:\Users\tanne\Documents\Github\C-Simple\src\CSimple\CSimple.csproj::TargetFramework=net8.0-windows10.0.19041.0]&#xD;
C:\Users\tanne\Documents\Github\C-Simple\src\CSimple\Services\InputCaptureService.cs(44,21): warning CS0414: The field 'InputCaptureService._accumulatedDeltaX' is assigned but its value is never used [C:\Users\tanne\Documents\Github\C-Simple\src\CSimple\CSimple.csproj::TargetFramework=net8.0-windows10.0.19041.0]&#xD;
C:\Users\tanne\Documents\Github\C-Simple\src\CSimple\Services\InputCaptureService.cs(45,21): warning CS0414: The field 'InputCaptureService._accumulatedDeltaY' is assigned but its value is never used [C:\Users\tanne\Documents\Github\C-Simple\src\CSimple\CSimple.csproj::TargetFramework=net8.0-windows10.0.19041.0]&#xD;
C:\Users\tanne\Documents\Github\C-Simple\src\CSimple\Services\PipelineExecutionService.cs(31,22): warning CS0414: The field 'PipelineExecutionService._executionCacheValid' is assigned but its value is never used [C:\Users\tanne\Documents\Github\C-Simple\src\CSimple\CSimple.csproj::TargetFramework=net8.0-windows10.0.19041.0]&#xD;
C:\Users\tanne\Documents\Github\C-Simple\src\CSimple\Services\MouseTrackingService.cs(47,21): warning CS0414: The field 'MouseTrackingService._skippedFrames' is assigned but its value is never used [C:\Users\tanne\Documents\Github\C-Simple\src\CSimple\CSimple.csproj::TargetFramework=net8.0-windows10.0.19041.0]&#xD;
C:\Users\tanne\Documents\Github\C-Simple\src\CSimple\ViewModels\NetPageViewModel.cs(62,22): warning CS0414: The field 'NetPageViewModel._useFallbackScript' is assigned but its value is never used [C:\Users\tanne\Documents\Github\C-Simple\src\CSimple\CSimple.csproj::TargetFramework=net8.0-windows10.0.19041.0]&#xD;
CSC : error CS2012: Cannot open 'C:\Users\tanne\Documents\Github\C-Simple\src\CSimple\obj\Debug\net8.0-windows10.0.19041.0\win10-x64\intermediatexaml\CSimple.dll' for writing -- The process cannot access the file 'C:\Users\tanne\Documents\Github\C-Simple\src\CSimple\obj\Debug\net8.0-windows10.0.19041.0\win10-x64\intermediatexaml\CSimple.dll' because it is being used by another process.; file may be locked by 'Microsoft.UI.Xaml.Markup.Compiler' (17640) [C:\Users\tanne\Documents\Github\C-Simple\src\CSimple\CSimple.csproj::TargetFramework=net8.0-windows10.0.19041.0]&#xD;
    40 Warning(s)&#xD;
    1 Error(s)&#xD;
&#xD;
Time Elapsed 00:00:07.23&#xD;
&#xD;
Workload updates are available. Run `dotnet workload list` for more information.&#xD;
. Error: </Message>
          <StackTrace>   at CSimple.Tests.IntegrationTests.DotNetBuildIntegrationTests.DotNetBuild_ShouldCompleteWithinTimeLimit() in C:\Users\tanne\Documents\Github\C-Simple\src\CSimple.Tests\DotNetBuildIntegrationTests.cs:line 366&#xD;
</StackTrace>
        </ErrorInfo>
      </Output>
    </UnitTestResult>
    <UnitTestResult executionId="9db2e070-36e1-467c-8112-1d4d9baf383f" testId="3e55fd01-97c1-71d6-ae63-b28b053e8116" testName="CopilotAgent_ProjectMetadataAccessible" computerName="STH_PC" duration="00:00:00.0014453" startTime="2025-08-10T17:22:08.5084919-04:00" endTime="2025-08-10T17:22:08.5101045-04:00" testType="13cdc9d9-ddb5-4fa4-a97d-d965ccfc6d4b" outcome="Passed" testListId="8c84fa94-04c1-424b-9868-57a2d4851a1d" relativeResultsDirectory="9db2e070-36e1-467c-8112-1d4d9baf383f" />
    <UnitTestResult executionId="8d990eaf-80e7-4105-a003-57fa4eb08721" testId="b944d6cb-a65e-a16f-ea0f-bdb3509e4032" testName="ExceptionHandling_ShouldWorkCorrectly" computerName="STH_PC" duration="00:00:00.0005769" startTime="2025-08-10T17:22:19.6301215-04:00" endTime="2025-08-10T17:22:19.6307409-04:00" testType="13cdc9d9-ddb5-4fa4-a97d-d965ccfc6d4b" outcome="Passed" testListId="8c84fa94-04c1-424b-9868-57a2d4851a1d" relativeResultsDirectory="8d990eaf-80e7-4105-a003-57fa4eb08721" />
    <UnitTestResult executionId="207fbbd4-b7b5-48a6-9014-63833d6d3a63" testId="79f0dba6-0ed9-eece-2723-551d3494c8e3" testName="Project_ShouldHaveEssentialFiles" computerName="STH_PC" duration="00:00:00.0060426" startTime="2025-08-10T17:22:05.2397156-04:00" endTime="2025-08-10T17:22:05.2625561-04:00" testType="13cdc9d9-ddb5-4fa4-a97d-d965ccfc6d4b" outcome="Passed" testListId="8c84fa94-04c1-424b-9868-57a2d4851a1d" relativeResultsDirectory="207fbbd4-b7b5-48a6-9014-63833d6d3a63" />
    <UnitTestResult executionId="76c9b776-ce2e-4b4c-b0c4-f481bbf954df" testId="aedf6cd0-7886-1fc6-7588-d5a108398989" testName="CopilotAgent_EssentialFilesExist" computerName="STH_PC" duration="00:00:00.0017280" startTime="2025-08-10T17:22:08.5048209-04:00" endTime="2025-08-10T17:22:08.5068453-04:00" testType="13cdc9d9-ddb5-4fa4-a97d-d965ccfc6d4b" outcome="Passed" testListId="8c84fa94-04c1-424b-9868-57a2d4851a1d" relativeResultsDirectory="76c9b776-ce2e-4b4c-b0c4-f481bbf954df" />
    <UnitTestResult executionId="bfec48ba-927d-42bd-a699-1c5487cb668a" testId="702edb8f-2579-969b-204c-02ebcaa55d2a" testName="ResourcesDirectory_ShouldExistWithRequiredFiles" computerName="STH_PC" duration="00:00:00.0005966" startTime="2025-08-10T17:22:08.5037495-04:00" endTime="2025-08-10T17:22:08.5044691-04:00" testType="13cdc9d9-ddb5-4fa4-a97d-d965ccfc6d4b" outcome="Passed" testListId="8c84fa94-04c1-424b-9868-57a2d4851a1d" relativeResultsDirectory="bfec48ba-927d-42bd-a699-1c5487cb668a" />
    <UnitTestResult executionId="4ea5777a-5561-478b-8352-8f67592dbe67" testId="bf4fcbc6-4a02-14e4-13e6-c0ec62208226" testName="CopilotAgent_TestDocumentationExists" computerName="STH_PC" duration="00:00:00.0007132" startTime="2025-08-10T17:22:08.5157782-04:00" endTime="2025-08-10T17:22:08.5166350-04:00" testType="13cdc9d9-ddb5-4fa4-a97d-d965ccfc6d4b" outcome="Passed" testListId="8c84fa94-04c1-424b-9868-57a2d4851a1d" relativeResultsDirectory="4ea5777a-5561-478b-8352-8f67592dbe67" />
    <UnitTestResult executionId="20e0717e-4e68-4a87-bf04-c675f85d72d8" testId="df8c5ef2-7af2-7b64-cbe6-86866e506558" testName="Project_ShouldRestorePackagesSuccessfully" computerName="STH_PC" duration="00:00:01.1834962" startTime="2025-08-10T17:22:05.2712634-04:00" endTime="2025-08-10T17:22:06.4549376-04:00" testType="13cdc9d9-ddb5-4fa4-a97d-d965ccfc6d4b" outcome="Passed" testListId="8c84fa94-04c1-424b-9868-57a2d4851a1d" relativeResultsDirectory="20e0717e-4e68-4a87-bf04-c675f85d72d8" />
    <UnitTestResult executionId="705d73f4-c795-4b47-8619-77e1ab5d5dda" testId="d830b47c-0e9e-fdfb-38a2-c946b35a6736" testName="CopilotAgent_VSCodeTestConfiguration" computerName="STH_PC" duration="00:00:00.0006689" startTime="2025-08-10T17:22:08.9599913-04:00" endTime="2025-08-10T17:22:08.9608246-04:00" testType="13cdc9d9-ddb5-4fa4-a97d-d965ccfc6d4b" outcome="Passed" testListId="8c84fa94-04c1-424b-9868-57a2d4851a1d" relativeResultsDirectory="705d73f4-c795-4b47-8619-77e1ab5d5dda" />
    <UnitTestResult executionId="4e33ba6f-dbe7-4c73-9b7e-5cf54da6001b" testId="9f897c40-58ae-9488-2b04-7916c54bc4ad" testName="DotNetBuildWindows_ShouldSucceed" computerName="STH_PC" duration="00:00:15.0729969" startTime="2025-08-10T17:22:06.4558342-04:00" endTime="2025-08-10T17:22:21.5294099-04:00" testType="13cdc9d9-ddb5-4fa4-a97d-d965ccfc6d4b" outcome="Failed" testListId="8c84fa94-04c1-424b-9868-57a2d4851a1d" relativeResultsDirectory="4e33ba6f-dbe7-4c73-9b7e-5cf54da6001b">
      <Output>
        <ErrorInfo>
          <Message>Assert.AreEqual failed. Expected:&lt;0&gt;. Actual:&lt;1&gt;. dotnet build (Windows) should succeed. Exit code: 1. Output:   Determining projects to restore...&#xD;
  All projects are up-to-date for restore.&#xD;
C:\Users\tanne\Documents\Github\C-Simple\src\CSimple\App.xaml.cs(165,24): warning CS1998: This async method lacks 'await' operators and will run synchronously. Consider using the 'await' operator to await non-blocking API calls, or 'await Task.Run(...)' to do CPU-bound work on a background thread. [C:\Users\tanne\Documents\Github\C-Simple\src\CSimple\CSimple.csproj::TargetFramework=net8.0-windows10.0.19041.0]&#xD;
C:\Users\tanne\Documents\Github\C-Simple\src\CSimple\Services\VoiceAssistantService.cs(129,21): warning CS4014: Because this call is not awaited, execution of the current method continues before the call is completed. Consider applying the 'await' operator to the result of the call. [C:\Users\tanne\Documents\Github\C-Simple\src\CSimple\CSimple.csproj::TargetFramework=net8.0-windows10.0.19041.0]&#xD;
C:\Users\tanne\Documents\Github\C-Simple\src\CSimple\ViewModels\ModelManagementViewModel.cs(41,21): warning CS4014: Because this call is not awaited, execution of the current method continues before the call is completed. Consider applying the 'await' operator to the result of the call. [C:\Users\tanne\Documents\Github\C-Simple\src\CSimple\CSimple.csproj::TargetFramework=net8.0-windows10.0.19041.0]&#xD;
C:\Users\tanne\Documents\Github\C-Simple\src\CSimple\Services\ActionReviewService.cs(129,30): warning CS0168: The variable 'ex' is declared but never used [C:\Users\tanne\Documents\Github\C-Simple\src\CSimple\CSimple.csproj::TargetFramework=net8.0-windows10.0.19041.0]&#xD;
C:\Users\tanne\Documents\Github\C-Simple\src\CSimple\ViewModels\ModelManagementViewModel.cs(178,27): warning CS1998: This async method lacks 'await' operators and will run synchronously. Consider using the 'await' operator to await non-blocking API calls, or 'await Task.Run(...)' to do CPU-bound work on a background thread. [C:\Users\tanne\Documents\Github\C-Simple\src\CSimple\CSimple.csproj::TargetFramework=net8.0-windows10.0.19041.0]&#xD;
C:\Users\tanne\Documents\Github\C-Simple\src\CSimple\Pages\ActionPage.xaml.cs(470,39): warning CS1998: This async method lacks 'await' operators and will run synchronously. Consider using the 'await' operator to await non-blocking API calls, or 'await Task.Run(...)' to do CPU-bound work on a background thread. [C:\Users\tanne\Documents\Github\C-Simple\src\CSimple\CSimple.csproj::TargetFramework=net8.0-windows10.0.19041.0]&#xD;
C:\Users\tanne\Documents\Github\C-Simple\src\CSimple\Services\MouseTrackingService.cs(178,30): warning CS0219: The variable 'leftButtonDown' is assigned but its value is never used [C:\Users\tanne\Documents\Github\C-Simple\src\CSimple\CSimple.csproj::TargetFramework=net8.0-windows10.0.19041.0]&#xD;
C:\Users\tanne\Documents\Github\C-Simple\src\CSimple\Services\MouseTrackingService.cs(179,30): warning CS0219: The variable 'rightButtonDown' is assigned but its value is never used [C:\Users\tanne\Documents\Github\C-Simple\src\CSimple\CSimple.csproj::TargetFramework=net8.0-windows10.0.19041.0]&#xD;
C:\Users\tanne\Documents\Github\C-Simple\src\CSimple\Services\MouseTrackingService.cs(180,30): warning CS0219: The variable 'middleButtonDown' is assigned but its value is never used [C:\Users\tanne\Documents\Github\C-Simple\src\CSimple\CSimple.csproj::TargetFramework=net8.0-windows10.0.19041.0]&#xD;
C:\Users\tanne\Documents\Github\C-Simple\src\CSimple\Services\NodeManagementService.cs(22,27): warning CS1998: This async method lacks 'await' operators and will run synchronously. Consider using the 'await' operator to await non-blocking API calls, or 'await Task.Run(...)' to do CPU-bound work on a background thread. [C:\Users\tanne\Documents\Github\C-Simple\src\CSimple\CSimple.csproj::TargetFramework=net8.0-windows10.0.19041.0]&#xD;
C:\Users\tanne\Documents\Github\C-Simple\src\CSimple\Services\NodeManagementService.cs(48,27): warning CS1998: This async method lacks 'await' operators and will run synchronously. Consider using the 'await' operator to await non-blocking API calls, or 'await Task.Run(...)' to do CPU-bound work on a background thread. [C:\Users\tanne\Documents\Github\C-Simple\src\CSimple\CSimple.csproj::TargetFramework=net8.0-windows10.0.19041.0]&#xD;
C:\Users\tanne\Documents\Github\C-Simple\src\CSimple\ViewModels\NodeViewModel.cs(433,34): warning CS0168: The variable 'ex' is declared but never used [C:\Users\tanne\Documents\Github\C-Simple\src\CSimple\CSimple.csproj::TargetFramework=net8.0-windows10.0.19041.0]&#xD;
C:\Users\tanne\Documents\Github\C-Simple\src\CSimple\Services\ActionService.cs(293,26): warning CS0219: The variable 'prevLeftButtonDown' is assigned but its value is never used [C:\Users\tanne\Documents\Github\C-Simple\src\CSimple\CSimple.csproj::TargetFramework=net8.0-windows10.0.19041.0]&#xD;
C:\Users\tanne\Documents\Github\C-Simple\src\CSimple\Services\ActionService.cs(295,26): warning CS0219: The variable 'prevMiddleButtonDown' is assigned but its value is never used [C:\Users\tanne\Documents\Github\C-Simple\src\CSimple\CSimple.csproj::TargetFramework=net8.0-windows10.0.19041.0]&#xD;
C:\Users\tanne\Documents\Github\C-Simple\src\CSimple\Services\ActionService.cs(304,31): warning CS0219: The variable 'MIN_KEY_DOWN_DURATION' is assigned but its value is never used [C:\Users\tanne\Documents\Github\C-Simple\src\CSimple\CSimple.csproj::TargetFramework=net8.0-windows10.0.19041.0]&#xD;
C:\Users\tanne\Documents\Github\C-Simple\src\CSimple\Services\ActionService.cs(305,31): warning CS0219: The variable 'MAX_KEY_DOWN_DURATION' is assigned but its value is never used [C:\Users\tanne\Documents\Github\C-Simple\src\CSimple\CSimple.csproj::TargetFramework=net8.0-windows10.0.19041.0]&#xD;
C:\Users\tanne\Documents\Github\C-Simple\src\CSimple\Services\InputCaptureService.cs(658,28): warning CS0219: The variable 'buttonCode' is assigned but its value is never used [C:\Users\tanne\Documents\Github\C-Simple\src\CSimple\CSimple.csproj::TargetFramework=net8.0-windows10.0.19041.0]&#xD;
C:\Users\tanne\Documents\Github\C-Simple\src\CSimple\ViewModels\NodeViewModel.cs(664,30): warning CS0168: The variable 'ex' is declared but never used [C:\Users\tanne\Documents\Github\C-Simple\src\CSimple\CSimple.csproj::TargetFramework=net8.0-windows10.0.19041.0]&#xD;
C:\Users\tanne\Documents\Github\C-Simple\src\CSimple\ViewModels\NodeViewModel.cs(815,30): warning CS0168: The variable 'ex' is declared but never used [C:\Users\tanne\Documents\Github\C-Simple\src\CSimple\CSimple.csproj::TargetFramework=net8.0-windows10.0.19041.0]&#xD;
C:\Users\tanne\Documents\Github\C-Simple\src\CSimple\ViewModels\NodeViewModel.cs(855,30): warning CS0168: The variable 'ex' is declared but never used [C:\Users\tanne\Documents\Github\C-Simple\src\CSimple\CSimple.csproj::TargetFramework=net8.0-windows10.0.19041.0]&#xD;
C:\Users\tanne\Documents\Github\C-Simple\src\CSimple\Services\PythonDependencyManager.cs(391,28): warning CS0219: The variable 'dllUrl' is assigned but its value is never used [C:\Users\tanne\Documents\Github\C-Simple\src\CSimple\CSimple.csproj::TargetFramework=net8.0-windows10.0.19041.0]&#xD;
C:\Users\tanne\Documents\Github\C-Simple\src\CSimple\Services\PythonDependencyManager.cs(566,33): warning CS1998: This async method lacks 'await' operators and will run synchronously. Consider using the 'await' operator to await non-blocking API calls, or 'await Task.Run(...)' to do CPU-bound work on a background thread. [C:\Users\tanne\Documents\Github\C-Simple\src\CSimple\CSimple.csproj::TargetFramework=net8.0-windows10.0.19041.0]&#xD;
C:\Users\tanne\Documents\Github\C-Simple\src\CSimple\Pages\ObservePage.xaml.cs(652,50): warning CS1998: This async method lacks 'await' operators and will run synchronously. Consider using the 'await' operator to await non-blocking API calls, or 'await Task.Run(...)' to do CPU-bound work on a background thread. [C:\Users\tanne\Documents\Github\C-Simple\src\CSimple\CSimple.csproj::TargetFramework=net8.0-windows10.0.19041.0]&#xD;
C:\Users\tanne\Documents\Github\C-Simple\src\CSimple\Pages\ObservePage.xaml.cs(1005,42): warning CS1998: This async method lacks 'await' operators and will run synchronously. Consider using the 'await' operator to await non-blocking API calls, or 'await Task.Run(...)' to do CPU-bound work on a background thread. [C:\Users\tanne\Documents\Github\C-Simple\src\CSimple\CSimple.csproj::TargetFramework=net8.0-windows10.0.19041.0]&#xD;
C:\Users\tanne\Documents\Github\C-Simple\src\CSimple\Pages\ObservePage.xaml.cs(1002,28): warning CS1998: This async method lacks 'await' operators and will run synchronously. Consider using the 'await' operator to await non-blocking API calls, or 'await Task.Run(...)' to do CPU-bound work on a background thread. [C:\Users\tanne\Documents\Github\C-Simple\src\CSimple\CSimple.csproj::TargetFramework=net8.0-windows10.0.19041.0]&#xD;
C:\Users\tanne\Documents\Github\C-Simple\src\CSimple\Services\VoiceAssistantService.cs(21,37): warning CS0067: The event 'VoiceAssistantService.DebugMessageLogged' is never used [C:\Users\tanne\Documents\Github\C-Simple\src\CSimple\CSimple.csproj::TargetFramework=net8.0-windows10.0.19041.0]&#xD;
C:\Users\tanne\Documents\Github\C-Simple\src\CSimple\ViewModels\NodeViewModel.cs(20,24): warning CS0169: The field 'NodeViewModel._name' is never used [C:\Users\tanne\Documents\Github\C-Simple\src\CSimple\CSimple.csproj::TargetFramework=net8.0-windows10.0.19041.0]&#xD;
C:\Users\tanne\Documents\Github\C-Simple\src\CSimple\Services\AudioCaptureService.cs(16,37): warning CS0067: The event 'AudioCaptureService.DebugMessageLogged' is never used [C:\Users\tanne\Documents\Github\C-Simple\src\CSimple\CSimple.csproj::TargetFramework=net8.0-windows10.0.19041.0]&#xD;
C:\Users\tanne\Documents\Github\C-Simple\src\CSimple\ViewModels\NodeViewModel.cs(21,26): warning CS0169: The field 'NodeViewModel._type' is never used [C:\Users\tanne\Documents\Github\C-Simple\src\CSimple\CSimple.csproj::TargetFramework=net8.0-windows10.0.19041.0]&#xD;
[...]
    </UnitTest>
    <UnitTest name="DotNetClean_ShouldSucceed" storage="c:\users\tanne\documents\github\c-simple\src\csimple.tests\bin\debug\net8.0-windows10.0.19041.0\csimple.tests.dll" id="ac025194-4763-5a49-21ae-001a08d547cc">
      <TestCategory>
        <TestCategoryItem TestCategory="Build" />
      </TestCategory>
      <Execution id="c32c4135-6b1b-4fcc-bd2f-7f9f46f4e0f8" />
      <TestMethod codeBase="C:\Users\tanne\Documents\Github\C-Simple\src\CSimple.Tests\bin\Debug\net8.0-windows10.0.19041.0\CSimple.Tests.dll" adapterTypeName="executor://mstestadapter/v2" className="CSimple.Tests.BuildTests.SimpleBuildTests" name="DotNetClean_ShouldSucceed" />
    </UnitTest>
    <UnitTest name="CopilotAgent_ProjectMetadataAccessible" storage="c:\users\tanne\documents\github\c-simple\src\csimple.tests\bin\debug\net8.0-windows10.0.19041.0\csimple.tests.dll" id="3e55fd01-97c1-71d6-ae63-b28b053e8116">
      <TestCategory>
        <TestCategoryItem TestCategory="CopilotAgent" />
      </TestCategory>
      <Execution id="9db2e070-36e1-467c-8112-1d4d9baf383f" />
      <TestMethod codeBase="C:\Users\tanne\Documents\Github\C-Simple\src\CSimple.Tests\bin\Debug\net8.0-windows10.0.19041.0\CSimple.Tests.dll" adapterTypeName="executor://mstestadapter/v2" className="CSimple.Tests.CopilotAgent.CopilotAgentTests" name="CopilotAgent_ProjectMetadataAccessible" />
    </UnitTest>
    <UnitTest name="PathResolution_DiagnosticInfo" storage="c:\users\tanne\documents\github\c-simple\src\csimple.tests\bin\debug\net8.0-windows10.0.19041.0\csimple.tests.dll" id="329ac153-a3a8-88f4-3d8f-8dd046b4f370">
      <TestCategory>
        <TestCategoryItem TestCategory="Diagnostic" />
      </TestCategory>
      <Execution id="3b3ad065-d1ce-4189-a668-571743da55d9" />
      <TestMethod codeBase="C:\Users\tanne\Documents\Github\C-Simple\src\CSimple.Tests\bin\Debug\net8.0-windows10.0.19041.0\CSimple.Tests.dll" adapterTypeName="executor://mstestadapter/v2" className="CSimple.Tests.BuildTests.BuildVerificationTests" name="PathResolution_DiagnosticInfo" />
    </UnitTest>
    <UnitTest name="DotNetRestore_ShouldCompleteSuccessfully" storage="c:\users\tanne\documents\github\c-simple\src\csimple.tests\bin\debug\net8.0-windows10.0.19041.0\csimple.tests.dll" id="4ee6385a-04e6-c1c6-e082-a37255f33241">
      <TestCategory>
        <TestCategoryItem TestCategory="Build" />
        <TestCategoryItem TestCategory="Integration" />
      </TestCategory>
      <Execution id="3e28ed44-3acb-4d34-858d-1c817709c46a" />
      <TestMethod codeBase="C:\Users\tanne\Documents\Github\C-Simple\src\CSimple.Tests\bin\Debug\net8.0-windows10.0.19041.0\CSimple.Tests.dll" adapterTypeName="executor://mstestadapter/v2" className="CSimple.Tests.IntegrationTests.DotNetBuildIntegrationTests" name="DotNetRestore_ShouldCompleteSuccessfully" />
    </UnitTest>
    <UnitTest name="ProjectFile_ShouldExist" storage="c:\users\tanne\documents\github\c-simple\src\csimple.tests\bin\debug\net8.0-windows10.0.19041.0\csimple.tests.dll" id="20f0cf45-2451-0fa1-e7ec-f7a1db8285d7">
      <TestCategory>
        <TestCategoryItem TestCategory="Build" />
      </TestCategory>
      <Execution id="5dda008d-6942-4103-9073-31c328c79d3f" />
      <TestMethod codeBase="C:\Users\tanne\Documents\Github\C-Simple\src\CSimple.Tests\bin\Debug\net8.0-windows10.0.19041.0\CSimple.Tests.dll" adapterTypeName="executor://mstestadapter/v2" className="CSimple.Tests.BuildTests.SimpleBuildTests" name="ProjectFile_ShouldExist" />
    </UnitTest>
    <UnitTest name="Project_ShouldLoadSuccessfully" storage="c:\users\tanne\documents\github\c-simple\src\csimple.tests\bin\debug\net8.0-windows10.0.19041.0\csimple.tests.dll" id="53205344-499a-4f3b-4dea-f6f0bda6270a">
      <TestCategory>
        <TestCategoryItem TestCategory="Build" />
      </TestCategory>
      <Execution id="10f0bd71-dabf-4c5f-ac28-8f1b18a29349" />
      <TestMethod codeBase="C:\Users\tanne\Documents\Github\C-Simple\src\CSimple.Tests\bin\Debug\net8.0-windows10.0.19041.0\CSimple.Tests.dll" adapterTypeName="executor://mstestadapter/v2" className="CSimple.Tests.BuildTests.BuildVerificationTests" name="Project_ShouldLoadSuccessfully" />
    </UnitTest>
    <UnitTest name="PathResolution_DiagnosticInfo" storage="c:\users\tanne\documents\github\c-simple\src\csimple.tests\bin\debug\net8.0-windows10.0.19041.0\csimple.tests.dll" id="6da7afcf-8d0f-c48d-27de-9a276ab46218">
      <TestCategory>
        <TestCategoryItem TestCategory="Diagnostic" />
      </TestCategory>
      <Execution id="6a917ff9-c3da-4b75-b1f9-e98e7ac2ebd6" />
      <TestMethod codeBase="C:\Users\tanne\Documents\Github\C-Simple\src\CSimple.Tests\bin\Debug\net8.0-windows10.0.19041.0\CSimple.Tests.dll" adapterTypeName="executor://mstestadapter/v2" className="CSimple.Tests.IntegrationTests.DotNetBuildIntegrationTests" name="PathResolution_DiagnosticInfo" />
    </UnitTest>
    <UnitTest name="Project_ShouldRestorePackagesSuccessfully" storage="c:\users\tanne\documents\github\c-simple\src\csimple.tests\bin\debug\net8.0-windows10.0.19041.0\csimple.tests.dll" id="df8c5ef2-7af2-7b64-cbe6-86866e506558">
      <TestCategory>
        <TestCategoryItem TestCategory="Build" />
      </TestCategory>
      <Execution id="20e0717e-4e68-4a87-bf04-c675f85d72d8" />
      <TestMethod codeBase="C:\Users\tanne\Documents\Github\C-Simple\src\CSimple.Tests\bin\Debug\net8.0-windows10.0.19041.0\CSimple.Tests.dll" adapterTypeName="executor://mstestadapter/v2" className="CSimple.Tests.BuildTests.BuildVerificationTests" name="Project_ShouldRestorePackagesSuccessfully" />
    </UnitTest>
    <UnitTest name="FilePathOperations_ShouldWorkCorrectly" storage="c:\users\tanne\documents\github\c-simple\src\csimple.tests\bin\debug\net8.0-windows10.0.19041.0\csimple.tests.dll" id="a08c3fdd-38ad-ce7b-6b25-01d04ac47a6e">
      <TestCategory>
        <TestCategoryItem TestCategory="Unit" />
      </TestCategory>
      <Execution id="c226f7b1-c7bb-421b-9847-576169f9857f" />
      <TestMethod codeBase="C:\Users\tanne\Documents\Github\C-Simple\src\CSimple.Tests\bin\Debug\net8.0-windows10.0.19041.0\CSimple.Tests.dll" adapterTypeName="executor://mstestadapter/v2" className="CSimple.Tests.UnitTests.BasicApplicationTests" name="FilePathOperations_ShouldWorkCorrectly" />
    </UnitTest>
  </TestDefinitions>
  <TestEntries>
    <TestEntry testId="53205344-499a-4f3b-4dea-f6f0bda6270a" executionId="10f0bd71-dabf-4c5f-ac28-8f1b18a29349" testListId="8c84fa94-04c1-424b-9868-57a2d4851a1d" />
    <TestEntry testId="c08e87d0-3edd-71db-1302-72af10f3f494" executionId="da549fa3-737c-4a26-981e-17f8fadc3d3d" testListId="8c84fa94-04c1-424b-9868-57a2d4851a1d" />
    <TestEntry testId="099398f3-d0db-a80f-5376-3483b6d5c6f8" executionId="a7b892ff-ca40-4cc2-9396-087e5f92e770" testListId="8c84fa94-04c1-424b-9868-57a2d4851a1d" />
    <TestEntry testId="b27c4aea-318c-f0ee-5f87-4219b8a22186" executionId="dbf6d932-5fbe-45da-8cf1-98a996b98240" testListId="8c84fa94-04c1-424b-9868-57a2d4851a1d" />
    <TestEntry testId="1fb09707-b05a-3172-bd76-a21b45a41add" executionId="4e460035-3933-408a-affa-f1a8c0434390" testListId="8c84fa94-04c1-424b-9868-57a2d4851a1d" />
    <TestEntry testId="4723da18-88da-e82a-30fe-c96999a5a493" executionId="a8e1f951-99ee-4f37-9e71-3bdfa7534b72" testListId="8c84fa94-04c1-424b-9868-57a2d4851a1d" />
    <TestEntry testId="853fae6e-769e-a249-3711-55d7fa8d8a23" executionId="ca6befdc-60de-4bb6-8690-5025b72b6d2b" testListId="8c84fa94-04c1-424b-9868-57a2d4851a1d" />
    <TestEntry testId="a08c3fdd-38ad-ce7b-6b25-01d04ac47a6e" executionId="c226f7b1-c7bb-421b-9847-576169f9857f" testListId="8c84fa94-04c1-424b-9868-57a2d4851a1d" />
    <TestEntry testId="c0eaf9d8-93df-c50f-e1be-5d50795f4a15" executionId="34e09611-1b4b-4456-8758-fbf4c04e4ebb" testListId="8c84fa94-04c1-424b-9868-57a2d4851a1d" />
    <TestEntry testId="274987fa-46d3-c761-4f09-d7171b666e34" executionId="aad50b54-7145-449f-bdf0-0387a6e14386" testListId="8c84fa94-04c1-424b-9868-57a2d4851a1d" />
    <TestEntry testId="6da7afcf-8d0f-c48d-27de-9a276ab46218" executionId="6a917ff9-c3da-4b75-b1f9-e98e7ac2ebd6" testListId="8c84fa94-04c1-424b-9868-57a2d4851a1d" />
    <TestEntry testId="5dedcc20-77d9-69ff-1397-62123685544e" executionId="f73881be-decc-4eb2-a01a-2109d615503b" testListId="8c84fa94-04c1-424b-9868-57a2d4851a1d" />
    <TestEntry testId="3e55fd01-97c1-71d6-ae63-b28b053e8116" executionId="9db2e070-36e1-467c-8112-1d4d9baf383f" testListId="8c84fa94-04c1-424b-9868-57a2d4851a1d" />
    <TestEntry testId="b944d6cb-a65e-a16f-ea0f-bdb3509e4032" executionId="8d990eaf-80e7-4105-a003-57fa4eb08721" testListId="8c84fa94-04c1-424b-9868-57a2d4851a1d" />
    <TestEntry testId="79f0dba6-0ed9-eece-2723-551d3494c8e3" executionId="207fbbd4-b7b5-48a6-9014-63833d6d3a63" testListId="8c84fa94-04c1-424b-9868-57a2d4851a1d" />
    <TestEntry testId="aedf6cd0-7886-1fc6-7588-d5a108398989" executionId="76c9b776-ce2e-4b4c-b0c4-f481bbf954df" testListId="8c84fa94-04c1-424b-9868-57a2d4851a1d" />
    <TestEntry testId="702edb8f-2579-969b-204c-02ebcaa55d2a" executionId="bfec48ba-927d-42bd-a699-1c5487cb668a" testListId="8c84fa94-04c1-424b-9868-57a2d4851a1d" />
    <TestEntry testId="bf4fcbc6-4a02-14e4-13e6-c0ec62208226" executionId="4ea5777a-5561-478b-8352-8f67592dbe67" testListId="8c84fa94-04c1-424b-9868-57a2d4851a1d" />
    <TestEntry testId="df8c5ef2-7af2-7b64-cbe6-86866e506558" executionId="20e0717e-4e68-4a87-bf04-c675f85d72d8" testListId="8c84fa94-04c1-424b-9868-57a2d4851a1d" />
    <TestEntry testId="d830b47c-0e9e-fdfb-38a2-c946b35a6736" executionId="705d73f4-c795-4b47-8619-77e1ab5d5dda" testListId="8c84fa94-04c1-424b-9868-57a2d4851a1d" />
    <TestEntry testId="9f897c40-58ae-9488-2b04-7916c54bc4ad" executionId="4e33ba6f-dbe7-4c73-9b7e-5cf54da6001b" testListId="8c84fa94-04c1-424b-9868-57a2d4851a1d" />
    <TestEntry testId="03c8da78-f725-84fb-cec6-4ad60bfb2616" executionId="e9c93e97-eb51-4896-9367-5dbd25ab1fff" testListId="8c84fa94-04c1-424b-9868-57a2d4851a1d" />
    <TestEntry testId="329ac153-a3a8-88f4-3d8f-8dd046b4f370" executionId="3b3ad065-d1ce-4189-a668-571743da55d9" testListId="8c84fa94-04c1-424b-9868-57a2d4851a1d" />
    <TestEntry testId="a264404e-7a4b-9cfe-9b93-a81d5a9748e5" executionId="f96bbaae-ad21-46f6-b780-300c5f8f9ba7" testListId="8c84fa94-04c1-424b-9868-57a2d4851a1d" />
    <TestEntry testId="1404d2f2-311f-57b5-729f-6afc1cf11328" executionId="a1222367-ed10-4142-aa16-913a8e96d9f7" testListId="8c84fa94-04c1-424b-9868-57a2d4851a1d" />
    <TestEntry testId="4aecf304-09d2-da3d-cfbe-19722fa285c7" executionId="9f1fd62e-1ed3-4b64-a7d5-261b3685b78c" testListId="8c84fa94-04c1-424b-9868-57a2d4851a1d" />
    <TestEntry testId="20f0cf45-2451-0fa1-e7ec-f7a1db8285d7" executionId="5dda008d-6942-4103-9073-31c328c79d3f" testListId="8c84fa94-04c1-424b-9868-57a2d4851a1d" />
    <TestEntry testId="f97f30cd-4c40-cbf3-ca47-d1aad04ff76d" executionId="ae3962f8-0b5c-484c-b160-68a06d1de810" testListId="8c84fa94-04c1-424b-9868-57a2d4851a1d" />
    <TestEntry testId="a4cafcb2-41f5-3361-0042-e0cd6505bc29" executionId="c2590072-17fb-4e4b-ba2f-9fe45e6f371d" testListId="8c84fa94-04c1-424b-9868-57a2d4851a1d" />
    <TestEntry testId="1afd06ba-27a6-94db-6315-fe0f7d5285d3" executionId="de71a5bf-5f74-48dd-baf7-b75753e54a6d" testListId="8c84fa94-04c1-424b-9868-57a2d4851a1d" />
    <TestEntry testId="ac025194-4763-5a49-21ae-001a08d547cc" executionId="c32c4135-6b1b-4fcc-bd2f-7f9f46f4e0f8" testListId="8c84fa94-04c1-424b-9868-57a2d4851a1d" />
    <TestEntry testId="a37cf3aa-c9c3-0bdf-a291-4b130ec7ae57" executionId="386271e0-0ed7-40b2-856c-9b19e7c1c6e2" testListId="8c84fa94-04c1-424b-9868-57a2d4851a1d" />
    <TestEntry testId="d9321631-c459-e01c-6a73-e4254de94db6" executionId="a45c850a-0bc2-458d-99f5-8be1e8a7f8dc" testListId="8c84fa94-04c1-424b-9868-57a2d4851a1d" />
    <TestEntry testId="730b9425-18a8-4973-17a6-ba05cf26a6f7" executionId="717e04b0-9814-475e-949f-e94f6f83a83e" testListId="8c84fa94-04c1-424b-9868-57a2d4851a1d" />
    <TestEntry testId="1c3a6821-b7ca-4143-0296-48226ea401e1" executionId="5891a761-be51-4679-be30-e962020c331a" testListId="8c84fa94-04c1-424b-9868-57a2d4851a1d" />
    <TestEntry testId="397b2db9-a617-e7e9-f95e-7510ce670cdc" executionId="af4e14ea-d4bf-4c01-81de-1d888f96432b" testListId="8c84fa94-04c1-424b-9868-57a2d4851a1d" />
    <TestEntry testId="11dd2fb7-b240-1e4c-a50d-7b9b2fcd4394" executionId="4bafb3c2-d7c5-49a9-8d9f-5f938a163280" testListId="8c84fa94-04c1-424b-9868-57a2d4851a1d" />
    <TestEntry testId="d71b47d6-90fe-6ed5-c3df-3186de67118c" executionId="47f1a40f-c485-4d55-94e8-f91e810644b8" testListId="8c84fa94-04c1-424b-9868-57a2d4851a1d" />
    <TestEntry testId="a1324264-3117-39d5-531f-df31d8beb5e7" executionId="b76022e6-26cf-4417-b7b0-50d42280d8c8" testListId="8c84fa94-04c1-424b-9868-57a2d4851a1d" />
    <TestEntry testId="12141582-7e0d-53a3-3abf-887702642af3" executionId="45752d53-6d3a-4176-8b3a-277f92c395f4" testListId="8c84fa94-04c1-424b-9868-57a2d4851a1d" />
    <TestEntry testId="7a6a1841-0d50-918b-363c-f564b4023e83" executionId="be7f5ab3-c474-4801-9397-83c0b59312f4" testListId="8c84fa94-04c1-424b-9868-57a2d4851a1d" />
    <TestEntry testId="4ee6385a-04e6-c1c6-e082-a37255f33241" executionId="3e28ed44-3acb-4d34-858d-1c817709c46a" testListId="8c84fa94-04c1-424b-9868-57a2d4851a1d" />
    <TestEntry testId="c27b812a-2820-4591-3f99-e8e8148b66ca" executionId="cd1f73a2-3103-4cc3-a578-9d87aff70f2e" testListId="8c84fa94-04c1-424b-9868-57a2d4851a1d" />
    <TestEntry testId="796807dd-9790-c390-970e-af4dbeb92769" executionId="bdec921b-1db4-4891-8de7-13bbd86bff5e" testListId="8c84fa94-04c1-424b-9868-57a2d4851a1d" />
    <TestEntry testId="ad5901a3-7493-53ee-0b77-85323492a745" executionId="2730235e-05c1-4291-99c8-5fbc644d8e95" testListId="8c84fa94-04c1-424b-9868-57a2d4851a1d" />
    <TestEntry testId="65aebdd1-5a71-d39e-c285-8f1f3ee64643" executionId="5ff80d4a-4c1c-4cd7-9f7b-c73f2b9ec1f6" testListId="8c84fa94-04c1-424b-9868-57a2d4851a1d" />
    <TestEntry testId="4453a781-3c88-a99f-96d9-a02afd17c908" executionId="8dd8d954-2b3a-4697-8b82-d0334e3c9480" testListId="8c84fa94-04c1-424b-9868-57a2d4851a1d" />
  </TestEntries>
  <TestLists>
    <TestList name="Results Not in a List" id="8c84fa94-04c1-424b-9868-57a2d4851a1d" />
    <TestList name="All Loaded Results" id="19431567-8539-422a-85d7-44ee4e166bda" />
  </TestLists>
  <ResultSummary outcome="Failed">
    <Counters total="47" executed="47" passed="40" failed="7" error="0" timeout="0" aborted="0" inconclusive="0" passedButRunAborted="0" notRunnable="0" notExecuted="0" disconnected="0" warning="0" completed="0" inProgress="0" pending="0" />
    <Output>
      <StdOut>MSTest Executor: Test Parallelization enabled for C:\Users\tanne\Documents\Github\C-Simple\src\CSimple.Tests\bin\Debug\net8.0-windows10.0.19041.0\CSimple.Tests.dll (Workers: 4, Scope: MethodLevel).&#xD;
Assembly Location: C:\Users\tanne\Documents\Github\C-Simple\src\CSimple.Tests\bin\Debug\net8.0-windows10.0.19041.0\CSimple.Tests.dll&#xD;
Current Directory: C:\Users\tanne\Documents\Github\C-Simple\src\CSimple.Tests\bin\Debug\net8.0-windows10.0.19041.0&#xD;
Test Directory: C:\Users\tanne\Documents\Github\C-Simple\src\CSimple.Tests\bin\Debug\net8.0-windows10.0.19041.0&#xD;
Project Path: C:\Users\tanne\Documents\Github\C-Simple\src\CSimple\CSimple.csproj&#xD;
Solution Path: C:\Users\tanne\Documents\Github\C-Simple\src\CSimple.sln&#xD;
Project Exists: True&#xD;
Solution Exists: True&#xD;
Current Directory: C:\Users\tanne\Documents\Github\C-Simple\src\CSimple.Tests\bin\Debug\net8.0-windows10.0.19041.0&#xD;
Assembly Location: C:\Users\tanne\Documents\Github\C-Simple\src\CSimple.Tests\bin\Debug\net8.0-windows10.0.19041.0\CSimple.Tests.dll&#xD;
Test Directory: C:\Users\tanne\Documents\Github\C-Simple\src\CSimple.Tests\bin\Debug\net8.0-windows10.0.19041.0&#xD;
Checking directory: C:\Users\tanne\Documents\Github\C-Simple\src\CSimple.Tests\bin\Debug&#xD;
Checking directory: C:\Users\tanne\Documents\Github\C-Simple\src\CSimple.Tests\bin&#xD;
Checking directory: C:\Users\tanne\Documents\Github\C-Simple\src\CSimple.Tests&#xD;
Checking directory: C:\Users\tanne\Documents\Github\C-Simple\src&#xD;
Found src directory: C:\Users\tanne\Documents\Github\C-Simple\src&#xD;
Expected CSimple directory: C:\Users\tanne\Documents\Github\C-Simple\src\CSimple&#xD;
CSimple directory exists: True&#xD;
Alternative CSimple path: C:\Users\tanne\Documents\Github\C-Simple\src\CSimple&#xD;
Alternative path exists: True&#xD;
Paths Debug Info:&#xD;
Current: C:\Users\tanne\Documents\Github\C-Simple\src\CSimple.Tests\bin\Debug\net8.0-windows10.0.19041.0&#xD;
Assembly: C:\Users\tanne\Documents\Github\C-Simple\src\CSimple.Tests\bin\Debug\net8.0-windows10.0.19041.0\CSimple.Tests.dll&#xD;
Test Dir: C:\Users\tanne\Documents\Github\C-Simple\src\CSimple.Tests\bin\Debug\net8.0-windows10.0.19041.0&#xD;
Src Dir: C:\Users\tanne\Documents\Github\C-Simple\src&#xD;
Alt Path: C:\Users\tanne\Documents\Github\C-Simple\src\CSimple (exists: True)&#xD;
Found Path: C:\Users\tanne\Documents\Github\C-Simple\src\CSimple&#xD;
=== Basic Test Execution ===&#xD;
This is a simple test that should always pass in any execution context.&#xD;
Test executed at: 2025-08-10 17:22:08&#xD;
All basic assertions passed successfully.&#xD;
=== .NET CLI Diagnostics ===&#xD;
dotnet --version exit code: 0&#xD;
dotnet version output: 9.0.300&#xD;
=== VS Code Test Explorer Diagnostics ===&#xD;
Assembly Location: C:\Users\tanne\Documents\Github\C-Simple\src\CSimple.Tests\bin\Debug\net8.0-windows10.0.19041.0\CSimple.Tests.dll&#xD;
Assembly Directory: C:\Users\tanne\Documents\Github\C-Simple\src\CSimple.Tests\bin\Debug\net8.0-windows10.0.19041.0&#xD;
Current Directory: C:\Users\tanne\Documents\Github\C-Simple\src\CSimple.Tests\bin\Debug\net8.0-windows10.0.19041.0&#xD;
Working Directory: C:\Users\tanne\Documents\Github\C-Simple\src\CSimple.Tests\bin\Debug\net8.0-windows10.0.19041.0&#xD;
Environment User: tanne&#xD;
Process Name: testhost&#xD;
DOTNET_ROOT: Not set&#xD;
VSCODE_WORKSPACE: Not set&#xD;
PATH contains dotnet: True&#xD;
Project Path: C:\Users\tanne\Documents\Github\C-Simple\src\CSimple\CSimple.csproj&#xD;
Project Exists: True&#xD;
Solution Path: C:\Users\tanne\Documents\Github\C-Simple\src\CSimple.sln&#xD;
Solution Exists: True&#xD;
Test Framework: MSTest&#xD;
Target Framework: .NETCoreApp,Version=v8.0&#xD;
Assembly Directory Contents:&#xD;
  - .msCoverageSourceRootsMapping_CSimple.Tests&#xD;
  - CoverletSourceRootsMapping_CSimple.Tests&#xD;
  - CSimple.Tests.deps.json&#xD;
  - CSimple.Tests.dll&#xD;
  - CSimple.Tests.pdb&#xD;
  - CSimple.Tests.runtimeconfig.json&#xD;
  - Microsoft.ApplicationInsights.dll&#xD;
  - Microsoft.Build.dll&#xD;
  - Microsoft.Build.Framework.dll&#xD;
  - Microsoft.Build.Utilities.Core.dll&#xD;
Assembly Location: C:\Users\tanne\Documents\Github\C-Simple\src\CSimple.Tests\bin\Debug\net8.0-windows10.0.19041.0\CSimple.Tests.dll&#xD;
Current Directory: C:\Users\tanne\Documents\Github\C-Simple\src\CSimple.Tests\bin\Debug\net8.0-windows10.0.19041.0&#xD;
Test Directory: C:\Users\tanne\Documents\Github\C-Simple\src\CSimple.Tests\bin\Debug\net8.0-windows10.0.19041.0&#xD;
Project Directory: C:\Users\tanne\Documents\Github\C-Simple\src\CSimple&#xD;
Solution Directory: C:\Users\tanne\Documents\Github\C-Simple\src&#xD;
Project Directory Exists: True&#xD;
Solution Directory Exists: True&#xD;
</StdOut>
    </Output>
    <CollectorDataEntries>
      <Collector agentName="STH_PC" uri="datacollector://microsoft/CodeCoverage/2.0" collectorDisplayName="Code Coverage">
        <UriAttachments>
          <UriAttachment>
            <A href="STH_PC\tanne_STH_PC_2025-08-10.17_22_33.coverage"></A>
          </UriAttachment>
        </UriAttachments>
      </Collector>
    </CollectorDataEntries>
  </ResultSummary>
</TestRun>